This is XeTeX, Version 3.141592653-2.6-0.999996 (TeX Live 2024) (preloaded format=xelatex 2024.5.21)  21 MAY 2024 23:13
entering extended mode
 restricted \write18 enabled.
 %&-line parsing enabled.
**index.tex
(./index.tex
LaTeX2e <2023-11-01> patch level 1
L3 programming layer <2024-04-11>
(c:/Users/anton/AppData/Roaming/TinyTeX/texmf-dist/tex/latex/koma-script/scrreprt.cls
Document Class: scrreprt 2023/07/07 v3.41 KOMA-Script document class (report)
(c:/Users/anton/AppData/Roaming/TinyTeX/texmf-dist/tex/latex/koma-script/scrkbase.sty
Package: scrkbase 2023/07/07 v3.41 KOMA-Script package (KOMA-Script-dependent basics and keyval usage)
(c:/Users/anton/AppData/Roaming/TinyTeX/texmf-dist/tex/latex/koma-script/scrbase.sty
Package: scrbase 2023/07/07 v3.41 KOMA-Script package (KOMA-Script-independent basics and keyval usage)
(c:/Users/anton/AppData/Roaming/TinyTeX/texmf-dist/tex/latex/koma-script/scrlfile.sty
Package: scrlfile 2023/07/07 v3.41 KOMA-Script package (file load hooks)
(c:/Users/anton/AppData/Roaming/TinyTeX/texmf-dist/tex/latex/koma-script/scrlfile-hook.sty
Package: scrlfile-hook 2023/07/07 v3.41 KOMA-Script package (using LaTeX hooks)
(c:/Users/anton/AppData/Roaming/TinyTeX/texmf-dist/tex/latex/koma-script/scrlogo.sty
Package: scrlogo 2023/07/07 v3.41 KOMA-Script package (logo)
))) (c:/Users/anton/AppData/Roaming/TinyTeX/texmf-dist/tex/latex/graphics/keyval.sty
Package: keyval 2022/05/29 v1.15 key=value parser (DPC)
\KV@toks@=\toks17
)
Applying: [2021/05/01] Usage of raw or classic option list on input line 252.
Already applied: [0000/00/00] Usage of raw or classic option list on input line 368.
)) (c:/Users/anton/AppData/Roaming/TinyTeX/texmf-dist/tex/latex/koma-script/tocbasic.sty
Package: tocbasic 2023/07/07 v3.41 KOMA-Script package (handling toc-files)
\scr@dte@tocline@numberwidth=\skip48
\scr@dte@tocline@numbox=\box51
)
Package tocbasic Info: omitting babel extension for `toc'
(tocbasic)             because of feature `nobabel' available
(tocbasic)             for `toc' on input line 135.
Class scrreprt Info: File `scrsize11pt.clo' used instead of
(scrreprt)           file `scrsize11.clo' to setup font sizes on input line 2688.
(c:/Users/anton/AppData/Roaming/TinyTeX/texmf-dist/tex/latex/koma-script/scrsize11pt.clo
File: scrsize11pt.clo 2023/07/07 v3.41 KOMA-Script font size class option (11pt)
) (c:/Users/anton/AppData/Roaming/TinyTeX/texmf-dist/tex/latex/koma-script/typearea.sty
Package: typearea 2023/07/07 v3.41 KOMA-Script package (type area)
\ta@bcor=\skip49
\ta@div=\count185
Package typearea Info: You've used standard option `letterpaper'.
(typearea)             This is correct!
(typearea)             Internally I'm using `paper=letter'.
(typearea)             If you'd like to set the option with \KOMAoptions,
(typearea)             you'd have to use `paper=letter' there
(typearea)             instead of `letterpaper', too.
\ta@hblk=\skip50
\ta@vblk=\skip51
\ta@temp=\skip52
\footheight=\skip53
Package typearea Info: These are the values describing the layout:
(typearea)             DIV  = 11
(typearea)             BCOR = 0.0pt
(typearea)             \paperwidth      = 614.295pt
(typearea)              \textwidth      = 446.76004pt
(typearea)              DIV departure   = -14%
(typearea)              \evensidemargin = 11.49748pt
(typearea)              \oddsidemargin  = 11.49748pt
(typearea)             \paperheight     = 794.96999pt
(typearea)              \textheight     = 582.20026pt
(typearea)              \topmargin      = -37.40001pt
(typearea)              \headheight     = 17.0pt
(typearea)              \headsep        = 20.40001pt
(typearea)              \topskip        = 11.0pt
(typearea)              \footskip       = 47.6pt
(typearea)              \baselineskip   = 13.6pt
(typearea)              on input line 1799.
)
\c@part=\count186
\c@chapter=\count187
\c@section=\count188
\c@subsection=\count189
\c@subsubsection=\count190
\c@paragraph=\count191
\c@subparagraph=\count192
\scr@dte@chapter@maxnumwidth=\skip54
Class scrreprt Info: using compatibility default `afterindent=bysign'
(scrreprt)           for `\chapter on input line 5994.
\scr@dte@section@maxnumwidth=\skip55
Class scrreprt Info: using compatibility default `runin=bysign'
(scrreprt)           for `\section on input line 6005.
Class scrreprt Info: using compatibility default `afterindent=bysign'
(scrreprt)           for `\section on input line 6005.
\scr@dte@part@maxnumwidth=\skip56
Class scrreprt Info: using compatibility default `afterindent=true'
(scrreprt)           for `\part on input line 6014.
\scr@dte@subsection@maxnumwidth=\skip57
Class scrreprt Info: using compatibility default `runin=bysign'
(scrreprt)           for `\subsection on input line 6024.
Class scrreprt Info: using compatibility default `afterindent=bysign'
(scrreprt)           for `\subsection on input line 6024.
\scr@dte@subsubsection@maxnumwidth=\skip58
Class scrreprt Info: using compatibility default `runin=bysign'
(scrreprt)           for `\subsubsection on input line 6034.
Class scrreprt Info: using compatibility default `afterindent=bysign'
(scrreprt)           for `\subsubsection on input line 6034.
\scr@dte@paragraph@maxnumwidth=\skip59
Class scrreprt Info: using compatibility default `runin=bysign'
(scrreprt)           for `\paragraph on input line 6045.
Class scrreprt Info: using compatibility default `afterindent=bysign'
(scrreprt)           for `\paragraph on input line 6045.
\scr@dte@subparagraph@maxnumwidth=\skip60
Class scrreprt Info: using compatibility default `runin=bysign'
(scrreprt)           for `\subparagraph on input line 6055.
Class scrreprt Info: using compatibility default `afterindent=bysign'
(scrreprt)           for `\subparagraph on input line 6055.
\abovecaptionskip=\skip61
\belowcaptionskip=\skip62
\c@pti@nb@sid@b@x=\box52
Package tocbasic Info: omitting babel extension for `lof'
(tocbasic)             because of feature `nobabel' available
(tocbasic)             for `lof' on input line 7240.
\scr@dte@figure@maxnumwidth=\skip63
\c@figure=\count193
Package tocbasic Info: omitting babel extension for `lot'
(tocbasic)             because of feature `nobabel' available
(tocbasic)             for `lot' on input line 7257.
\scr@dte@table@maxnumwidth=\skip64
\c@table=\count194
Class scrreprt Info: Redefining `\numberline' on input line 7428.
\bibindent=\dimen140
) (c:/Users/anton/AppData/Roaming/TinyTeX/texmf-dist/tex/latex/amsmath/amsmath.sty
Package: amsmath 2023/05/13 v2.17o AMS math features
\@mathmargin=\skip65
For additional information on amsmath, use the `?' option.
(c:/Users/anton/AppData/Roaming/TinyTeX/texmf-dist/tex/latex/amsmath/amstext.sty
Package: amstext 2021/08/26 v2.01 AMS text
(c:/Users/anton/AppData/Roaming/TinyTeX/texmf-dist/tex/latex/amsmath/amsgen.sty
File: amsgen.sty 1999/11/30 v2.0 generic functions
\@emptytoks=\toks18
\ex@=\dimen141
)) (c:/Users/anton/AppData/Roaming/TinyTeX/texmf-dist/tex/latex/amsmath/amsbsy.sty
Package: amsbsy 1999/11/29 v1.2d Bold Symbols
\pmbraise@=\dimen142
) (c:/Users/anton/AppData/Roaming/TinyTeX/texmf-dist/tex/latex/amsmath/amsopn.sty
Package: amsopn 2022/04/08 v2.04 operator names
)
\inf@bad=\count195
LaTeX Info: Redefining \frac on input line 234.
\uproot@=\count196
\leftroot@=\count197
LaTeX Info: Redefining \overline on input line 399.
LaTeX Info: Redefining \colon on input line 410.
\classnum@=\count198
\DOTSCASE@=\count199
LaTeX Info: Redefining \ldots on input line 496.
LaTeX Info: Redefining \dots on input line 499.
LaTeX Info: Redefining \cdots on input line 620.
\Mathstrutbox@=\box53
\strutbox@=\box54
LaTeX Info: Redefining \big on input line 722.
LaTeX Info: Redefining \Big on input line 723.
LaTeX Info: Redefining \bigg on input line 724.
LaTeX Info: Redefining \Bigg on input line 725.
\big@size=\dimen143
LaTeX Font Info:    Redeclaring font encoding OML on input line 743.
LaTeX Font Info:    Redeclaring font encoding OMS on input line 744.
\macc@depth=\count266
LaTeX Info: Redefining \bmod on input line 905.
LaTeX Info: Redefining \pmod on input line 910.
LaTeX Info: Redefining \smash on input line 940.
LaTeX Info: Redefining \relbar on input line 970.
LaTeX Info: Redefining \Relbar on input line 971.
\c@MaxMatrixCols=\count267
\dotsspace@=\muskip16
\c@parentequation=\count268
\dspbrk@lvl=\count269
\tag@help=\toks19
\row@=\count270
\column@=\count271
\maxfields@=\count272
\andhelp@=\toks20
\eqnshift@=\dimen144
\alignsep@=\dimen145
\tagshift@=\dimen146
\tagwidth@=\dimen147
\totwidth@=\dimen148
\lineht@=\dimen149
\@envbody=\toks21
\multlinegap=\skip66
\multlinetaggap=\skip67
\mathdisplay@stack=\toks22
LaTeX Info: Redefining \[ on input line 2953.
LaTeX Info: Redefining \] on input line 2954.
) (c:/Users/anton/AppData/Roaming/TinyTeX/texmf-dist/tex/latex/amsfonts/amssymb.sty
Package: amssymb 2013/01/14 v3.01 AMS font symbols
(c:/Users/anton/AppData/Roaming/TinyTeX/texmf-dist/tex/latex/amsfonts/amsfonts.sty
Package: amsfonts 2013/01/14 v3.01 Basic AMSFonts support
\symAMSa=\mathgroup4
\symAMSb=\mathgroup5
LaTeX Font Info:    Redeclaring math symbol \hbar on input line 98.
LaTeX Font Info:    Overwriting math alphabet `\mathfrak' in version `bold'
(Font)                  U/euf/m/n --> U/euf/b/n on input line 106.
)) (c:/Users/anton/AppData/Roaming/TinyTeX/texmf-dist/tex/generic/iftex/iftex.sty
Package: iftex 2022/02/03 v1.0f TeX engine tests
) (c:/Users/anton/AppData/Roaming/TinyTeX/texmf-dist/tex/latex/unicode-math/unicode-math.sty (c:/Users/anton/AppData/Roaming/TinyTeX/texmf-dist/tex/latex/l3kernel/expl3.sty
Package: expl3 2024-04-11 L3 programming layer (loader) 
(c:/Users/anton/AppData/Roaming/TinyTeX/texmf-dist/tex/latex/l3backend/l3backend-xetex.def
File: l3backend-xetex.def 2024-04-11 L3 backend support: XeTeX
\g__graphics_track_int=\count273
\l__pdf_internal_box=\box55
\g__pdf_backend_annotation_int=\count274
\g__pdf_backend_link_int=\count275
))
Package: unicode-math 2023/08/13 v0.8r Unicode maths in XeLaTeX and LuaLaTeX
(c:/Users/anton/AppData/Roaming/TinyTeX/texmf-dist/tex/latex/unicode-math/unicode-math-xetex.sty
Package: unicode-math-xetex 2023/08/13 v0.8r Unicode maths in XeLaTeX and LuaLaTeX
(c:/Users/anton/AppData/Roaming/TinyTeX/texmf-dist/tex/latex/l3packages/xparse/xparse.sty
Package: xparse 2024-03-14 L3 Experimental document command parser
) (c:/Users/anton/AppData/Roaming/TinyTeX/texmf-dist/tex/latex/l3packages/l3keys2e/l3keys2e.sty
Package: l3keys2e 2024-03-14 LaTeX2e option processing using LaTeX3 keys
) (c:/Users/anton/AppData/Roaming/TinyTeX/texmf-dist/tex/latex/fontspec/fontspec.sty
Package: fontspec 2024/05/11 v2.9e Font selection for XeLaTeX and LuaLaTeX
(c:/Users/anton/AppData/Roaming/TinyTeX/texmf-dist/tex/latex/fontspec/fontspec-xetex.sty
Package: fontspec-xetex 2024/05/11 v2.9e Font selection for XeLaTeX and LuaLaTeX
\l__fontspec_script_int=\count276
\l__fontspec_language_int=\count277
\l__fontspec_strnum_int=\count278
\l__fontspec_tmp_int=\count279
\l__fontspec_tmpa_int=\count280
\l__fontspec_tmpb_int=\count281
\l__fontspec_tmpc_int=\count282
\l__fontspec_em_int=\count283
\l__fontspec_emdef_int=\count284
\l__fontspec_strong_int=\count285
\l__fontspec_strongdef_int=\count286
\l__fontspec_tmpa_dim=\dimen150
\l__fontspec_tmpb_dim=\dimen151
\l__fontspec_tmpc_dim=\dimen152
(c:/Users/anton/AppData/Roaming/TinyTeX/texmf-dist/tex/latex/base/fontenc.sty
Package: fontenc 2021/04/29 v2.0v Standard LaTeX package
) (c:/Users/anton/AppData/Roaming/TinyTeX/texmf-dist/tex/latex/fontspec/fontspec.cfg))) (c:/Users/anton/AppData/Roaming/TinyTeX/texmf-dist/tex/latex/base/fix-cm.sty
Package: fix-cm 2020/11/24 v1.1t fixes to LaTeX
(c:/Users/anton/AppData/Roaming/TinyTeX/texmf-dist/tex/latex/base/ts1enc.def
File: ts1enc.def 2001/06/05 v3.0e (jk/car/fm) Standard LaTeX file
LaTeX Font Info:    Redeclaring font encoding TS1 on input line 47.
))
\g__um_fam_int=\count287
\g__um_fonts_used_int=\count288
\l__um_primecount_int=\count289
\g__um_primekern_muskip=\muskip17
(c:/Users/anton/AppData/Roaming/TinyTeX/texmf-dist/tex/latex/unicode-math/unicode-math-table.tex))) (c:/Users/anton/AppData/Roaming/TinyTeX/texmf-dist/tex/latex/lm/lmodern.sty
Package: lmodern 2015/05/01 v1.6.1 Latin Modern Fonts
LaTeX Font Info:    Overwriting symbol font `operators' in version `normal'
(Font)                  OT1/cmr/m/n --> OT1/lmr/m/n on input line 22.
LaTeX Font Info:    Overwriting symbol font `letters' in version `normal'
(Font)                  OML/cmm/m/it --> OML/lmm/m/it on input line 23.
LaTeX Font Info:    Overwriting symbol font `symbols' in version `normal'
(Font)                  OMS/cmsy/m/n --> OMS/lmsy/m/n on input line 24.
LaTeX Font Info:    Overwriting symbol font `largesymbols' in version `normal'
(Font)                  OMX/cmex/m/n --> OMX/lmex/m/n on input line 25.
LaTeX Font Info:    Overwriting symbol font `operators' in version `bold'
(Font)                  OT1/cmr/bx/n --> OT1/lmr/bx/n on input line 26.
LaTeX Font Info:    Overwriting symbol font `letters' in version `bold'
(Font)                  OML/cmm/b/it --> OML/lmm/b/it on input line 27.
LaTeX Font Info:    Overwriting symbol font `symbols' in version `bold'
(Font)                  OMS/cmsy/b/n --> OMS/lmsy/b/n on input line 28.
LaTeX Font Info:    Overwriting symbol font `largesymbols' in version `bold'
(Font)                  OMX/cmex/m/n --> OMX/lmex/m/n on input line 29.
LaTeX Font Info:    Overwriting math alphabet `\mathbf' in version `normal'
(Font)                  OT1/cmr/bx/n --> OT1/lmr/bx/n on input line 31.
LaTeX Font Info:    Overwriting math alphabet `\mathsf' in version `normal'
(Font)                  OT1/cmss/m/n --> OT1/lmss/m/n on input line 32.
LaTeX Font Info:    Overwriting math alphabet `\mathit' in version `normal'
(Font)                  OT1/cmr/m/it --> OT1/lmr/m/it on input line 33.
LaTeX Font Info:    Overwriting math alphabet `\mathtt' in version `normal'
(Font)                  OT1/cmtt/m/n --> OT1/lmtt/m/n on input line 34.
LaTeX Font Info:    Overwriting math alphabet `\mathbf' in version `bold'
(Font)                  OT1/cmr/bx/n --> OT1/lmr/bx/n on input line 35.
LaTeX Font Info:    Overwriting math alphabet `\mathsf' in version `bold'
(Font)                  OT1/cmss/bx/n --> OT1/lmss/bx/n on input line 36.
LaTeX Font Info:    Overwriting math alphabet `\mathit' in version `bold'
(Font)                  OT1/cmr/bx/it --> OT1/lmr/bx/it on input line 37.
LaTeX Font Info:    Overwriting math alphabet `\mathtt' in version `bold'
(Font)                  OT1/cmtt/m/n --> OT1/lmtt/m/n on input line 38.
) (c:/Users/anton/AppData/Roaming/TinyTeX/texmf-dist/tex/latex/upquote/upquote.sty
Package: upquote 2012/04/19 v1.3 upright-quote and grave-accent glyphs in verbatim
(c:/Users/anton/AppData/Roaming/TinyTeX/texmf-dist/tex/latex/base/textcomp.sty
Package: textcomp 2020/02/02 v2.0n Standard LaTeX package
)) (c:/Users/anton/AppData/Roaming/TinyTeX/texmf-dist/tex/latex/microtype/microtype.sty
Package: microtype 2024/03/29 v3.1b Micro-typographical refinements (RS)
(c:/Users/anton/AppData/Roaming/TinyTeX/texmf-dist/tex/latex/etoolbox/etoolbox.sty
Package: etoolbox 2020/10/05 v2.5k e-TeX tools for LaTeX (JAW)
\etb@tempcnta=\count290
)
\MT@toks=\toks23
\MT@tempbox=\box56
\MT@count=\count291
LaTeX Info: Redefining \noprotrusionifhmode on input line 1061.
LaTeX Info: Redefining \leftprotrusion on input line 1062.
\MT@prot@toks=\toks24
LaTeX Info: Redefining \rightprotrusion on input line 1081.
LaTeX Info: Redefining \textls on input line 1392.
\MT@outer@kern=\dimen153
LaTeX Info: Redefining \textmicrotypecontext on input line 2013.
\MT@listname@count=\count292
(c:/Users/anton/AppData/Roaming/TinyTeX/texmf-dist/tex/latex/microtype/microtype-xetex.def
File: microtype-xetex.def 2024/03/29 v3.1b Definitions specific to xetex (RS)
LaTeX Info: Redefining \lsstyle on input line 238.
)
Package microtype Info: Loading configuration file microtype.cfg.
(c:/Users/anton/AppData/Roaming/TinyTeX/texmf-dist/tex/latex/microtype/microtype.cfg
File: microtype.cfg 2024/03/29 v3.1b microtype main configuration file (RS)
)) (c:/Users/anton/AppData/Roaming/TinyTeX/texmf-dist/tex/latex/xcolor/xcolor.sty
Package: xcolor 2023/11/15 v3.01 LaTeX color extensions (UK)
(c:/Users/anton/AppData/Roaming/TinyTeX/texmf-dist/tex/latex/graphics-cfg/color.cfg
File: color.cfg 2016/01/02 v1.6 sample color configuration
)
Package xcolor Info: Driver file: xetex.def on input line 274.
(c:/Users/anton/AppData/Roaming/TinyTeX/texmf-dist/tex/latex/graphics-def/xetex.def
File: xetex.def 2022/09/22 v5.0n Graphics/color driver for xetex
) (c:/Users/anton/AppData/Roaming/TinyTeX/texmf-dist/tex/latex/graphics/mathcolor.ltx)
Package xcolor Info: Model `cmy' substituted by `cmy0' on input line 1350.
Package xcolor Info: Model `RGB' extended on input line 1366.
Package xcolor Info: Model `HTML' substituted by `rgb' on input line 1368.
Package xcolor Info: Model `Hsb' substituted by `hsb' on input line 1369.
Package xcolor Info: Model `tHsb' substituted by `hsb' on input line 1370.
Package xcolor Info: Model `HSB' substituted by `hsb' on input line 1371.
Package xcolor Info: Model `Gray' substituted by `gray' on input line 1372.
Package xcolor Info: Model `wave' substituted by `hsb' on input line 1373.
) (c:/Users/anton/AppData/Roaming/TinyTeX/texmf-dist/tex/latex/graphics/dvipsnam.def
File: dvipsnam.def 2016/06/17 v3.0m Driver-dependent file (DPC,SPQR)
) (c:/Users/anton/AppData/Roaming/TinyTeX/texmf-dist/tex/latex/xcolor/svgnam.def
File: svgnam.def 2023/11/15 v3.01 Predefined colors according to SVG 1.1 (UK)
) (c:/Users/anton/AppData/Roaming/TinyTeX/texmf-dist/tex/latex/xcolor/x11nam.def
File: x11nam.def 2023/11/15 v3.01 Predefined colors according to Unix/X11 (UK)
) (c:/Users/anton/AppData/Roaming/TinyTeX/texmf-dist/tex/latex/fancyvrb/fancyvrb.sty
Package: fancyvrb 2024/01/20 4.5c verbatim text (tvz,hv)
\FV@CodeLineNo=\count293
\FV@InFile=\read2
\FV@TabBox=\box57
\c@FancyVerbLine=\count294
\FV@StepNumber=\count295
\FV@OutFile=\write3
) (c:/Users/anton/AppData/Roaming/TinyTeX/texmf-dist/tex/latex/framed/framed.sty
Package: framed 2011/10/22 v 0.96: framed or shaded text with page breaks
\OuterFrameSep=\skip68
\fb@frw=\dimen154
\fb@frh=\dimen155
\FrameRule=\dimen156
\FrameSep=\dimen157
) (c:/Users/anton/AppData/Roaming/TinyTeX/texmf-dist/tex/latex/tools/longtable.sty
Package: longtable 2023-11-01 v4.19 Multi-page Table package (DPC)
\LTleft=\skip69
\LTright=\skip70
\LTpre=\skip71
\LTpost=\skip72
\LTchunksize=\count296
\LTcapwidth=\dimen158
\LT@head=\box58
\LT@firsthead=\box59
\LT@foot=\box60
\LT@lastfoot=\box61
\LT@gbox=\box62
\LT@cols=\count297
\LT@rows=\count298
\c@LT@tables=\count299
\c@LT@chunks=\count300
\LT@p@ftn=\toks25
)
Class scrreprt Info: longtable captions redefined on input line 98.
(c:/Users/anton/AppData/Roaming/TinyTeX/texmf-dist/tex/latex/booktabs/booktabs.sty
Package: booktabs 2020/01/12 v1.61803398 Publication quality tables
\heavyrulewidth=\dimen159
\lightrulewidth=\dimen160
\cmidrulewidth=\dimen161
\belowrulesep=\dimen162
\belowbottomsep=\dimen163
\aboverulesep=\dimen164
\abovetopsep=\dimen165
\cmidrulesep=\dimen166
\cmidrulekern=\dimen167
\defaultaddspace=\dimen168
\@cmidla=\count301
\@cmidlb=\count302
\@aboverulesep=\dimen169
\@belowrulesep=\dimen170
\@thisruleclass=\count303
\@lastruleclass=\count304
\@thisrulewidth=\dimen171
) (c:/Users/anton/AppData/Roaming/TinyTeX/texmf-dist/tex/latex/tools/array.sty
Package: array 2023/10/16 v2.5g Tabular extension package (FMi)
\col@sep=\dimen172
\ar@mcellbox=\box63
\extrarowheight=\dimen173
\NC@list=\toks26
\extratabsurround=\skip73
\backup@length=\skip74
\ar@cellbox=\box64
) (c:/Users/anton/AppData/Roaming/TinyTeX/texmf-dist/tex/latex/tools/calc.sty
Package: calc 2023/07/08 v4.3 Infix arithmetic (KKT,FJ)
\calc@Acount=\count305
\calc@Bcount=\count306
\calc@Adimen=\dimen174
\calc@Bdimen=\dimen175
\calc@Askip=\skip75
\calc@Bskip=\skip76
LaTeX Info: Redefining \setlength on input line 80.
LaTeX Info: Redefining \addtolength on input line 81.
\calc@Ccount=\count307
\calc@Cskip=\skip77
) (c:/Users/anton/AppData/Roaming/TinyTeX/texmf-dist/tex/latex/mdwtools/footnote.sty
Package: footnote 1997/01/28 1.13 Save footnotes around boxes
\fn@notes=\box65
\fn@width=\dimen176
) (c:/Users/anton/AppData/Roaming/TinyTeX/texmf-dist/tex/latex/graphics/graphicx.sty
Package: graphicx 2021/09/16 v1.2d Enhanced LaTeX Graphics (DPC,SPQR)
(c:/Users/anton/AppData/Roaming/TinyTeX/texmf-dist/tex/latex/graphics/graphics.sty
Package: graphics 2022/03/10 v1.4e Standard LaTeX Graphics (DPC,SPQR)
(c:/Users/anton/AppData/Roaming/TinyTeX/texmf-dist/tex/latex/graphics/trig.sty
Package: trig 2021/08/11 v1.11 sin cos tan (DPC)
) (c:/Users/anton/AppData/Roaming/TinyTeX/texmf-dist/tex/latex/graphics-cfg/graphics.cfg
File: graphics.cfg 2016/06/04 v1.11 sample graphics configuration
)
Package graphics Info: Driver file: xetex.def on input line 107.
)
\Gin@req@height=\dimen177
\Gin@req@width=\dimen178
)
\cslhangindent=\skip78
\csllabelwidth=\skip79
(c:/Users/anton/AppData/Roaming/TinyTeX/texmf-dist/tex/latex/bookmark/bookmark.sty
Package: bookmark 2023-12-10 v1.31 PDF bookmarks (HO)
(c:/Users/anton/AppData/Roaming/TinyTeX/texmf-dist/tex/latex/hyperref/hyperref.sty
Package: hyperref 2024-01-20 v7.01h Hypertext links for LaTeX
(c:/Users/anton/AppData/Roaming/TinyTeX/texmf-dist/tex/latex/kvsetkeys/kvsetkeys.sty
Package: kvsetkeys 2022-10-05 v1.19 Key value parser (HO)
) (c:/Users/anton/AppData/Roaming/TinyTeX/texmf-dist/tex/generic/kvdefinekeys/kvdefinekeys.sty
Package: kvdefinekeys 2019-12-19 v1.6 Define keys (HO)
) (c:/Users/anton/AppData/Roaming/TinyTeX/texmf-dist/tex/generic/pdfescape/pdfescape.sty
Package: pdfescape 2019/12/09 v1.15 Implements pdfTeX's escape features (HO)
(c:/Users/anton/AppData/Roaming/TinyTeX/texmf-dist/tex/generic/ltxcmds/ltxcmds.sty
Package: ltxcmds 2023-12-04 v1.26 LaTeX kernel commands for general use (HO)
) (c:/Users/anton/AppData/Roaming/TinyTeX/texmf-dist/tex/generic/pdftexcmds/pdftexcmds.sty
Package: pdftexcmds 2020-06-27 v0.33 Utility functions of pdfTeX for LuaTeX (HO)
(c:/Users/anton/AppData/Roaming/TinyTeX/texmf-dist/tex/generic/infwarerr/infwarerr.sty
Package: infwarerr 2019/12/03 v1.5 Providing info/warning/error messages (HO)
)
Package pdftexcmds Info: \pdf@primitive is available.
Package pdftexcmds Info: \pdf@ifprimitive is available.
Package pdftexcmds Info: \pdfdraftmode not found.
)) (c:/Users/anton/AppData/Roaming/TinyTeX/texmf-dist/tex/latex/hycolor/hycolor.sty
Package: hycolor 2020-01-27 v1.10 Color options for hyperref/bookmark (HO)
) (c:/Users/anton/AppData/Roaming/TinyTeX/texmf-dist/tex/latex/auxhook/auxhook.sty
Package: auxhook 2019-12-17 v1.6 Hooks for auxiliary files (HO)
) (c:/Users/anton/AppData/Roaming/TinyTeX/texmf-dist/tex/latex/hyperref/nameref.sty
Package: nameref 2023-11-26 v2.56 Cross-referencing by name of section
(c:/Users/anton/AppData/Roaming/TinyTeX/texmf-dist/tex/latex/refcount/refcount.sty
Package: refcount 2019/12/15 v3.6 Data extraction from label references (HO)
) (c:/Users/anton/AppData/Roaming/TinyTeX/texmf-dist/tex/generic/gettitlestring/gettitlestring.sty
Package: gettitlestring 2019/12/15 v1.6 Cleanup title references (HO)
(c:/Users/anton/AppData/Roaming/TinyTeX/texmf-dist/tex/latex/kvoptions/kvoptions.sty
Package: kvoptions 2022-06-15 v3.15 Key value format for package options (HO)
))
\c@section@level=\count308
)
\@linkdim=\dimen179
\Hy@linkcounter=\count309
\Hy@pagecounter=\count310
(c:/Users/anton/AppData/Roaming/TinyTeX/texmf-dist/tex/latex/hyperref/pd1enc.def
File: pd1enc.def 2024-01-20 v7.01h Hyperref: PDFDocEncoding definition (HO)
) (c:/Users/anton/AppData/Roaming/TinyTeX/texmf-dist/tex/generic/intcalc/intcalc.sty
Package: intcalc 2019/12/15 v1.3 Expandable calculations with integers (HO)
)
\Hy@SavedSpaceFactor=\count311
(c:/Users/anton/AppData/Roaming/TinyTeX/texmf-dist/tex/latex/hyperref/puenc.def
File: puenc.def 2024-01-20 v7.01h Hyperref: PDF Unicode definition (HO)
)
Package hyperref Info: Option `unicode' set `true' on input line 4062.
Package hyperref Info: Hyper figures OFF on input line 4179.
Package hyperref Info: Link nesting OFF on input line 4184.
Package hyperref Info: Hyper index ON on input line 4187.
Package hyperref Info: Plain pages OFF on input line 4194.
Package hyperref Info: Backreferencing OFF on input line 4199.
Package hyperref Info: Implicit mode ON; LaTeX internals redefined.
Package hyperref Info: Bookmarks ON on input line 4446.
\c@Hy@tempcnt=\count312
(c:/Users/anton/AppData/Roaming/TinyTeX/texmf-dist/tex/latex/url/url.sty
\Urlmuskip=\muskip18
Package: url 2013/09/16  ver 3.4  Verb mode for urls, etc.
)
LaTeX Info: Redefining \url on input line 4784.
\XeTeXLinkMargin=\dimen180
(c:/Users/anton/AppData/Roaming/TinyTeX/texmf-dist/tex/generic/bitset/bitset.sty
Package: bitset 2019/12/09 v1.3 Handle bit-vector datatype (HO)
(c:/Users/anton/AppData/Roaming/TinyTeX/texmf-dist/tex/generic/bigintcalc/bigintcalc.sty
Package: bigintcalc 2019/12/15 v1.5 Expandable calculations on big integers (HO)
))
\Fld@menulength=\count313
\Field@Width=\dimen181
\Fld@charsize=\dimen182
Package hyperref Info: Hyper figures OFF on input line 6063.
Package hyperref Info: Link nesting OFF on input line 6068.
Package hyperref Info: Hyper index ON on input line 6071.
Package hyperref Info: backreferencing OFF on input line 6078.
Package hyperref Info: Link coloring OFF on input line 6083.
Package hyperref Info: Link coloring with OCG OFF on input line 6088.
Package hyperref Info: PDF/A mode OFF on input line 6093.
(c:/Users/anton/AppData/Roaming/TinyTeX/texmf-dist/tex/latex/base/atbegshi-ltx.sty
Package: atbegshi-ltx 2021/01/10 v1.0c Emulation of the original atbegshi
package with kernel methods
)
\Hy@abspage=\count314
\c@Item=\count315
\c@Hfootnote=\count316
)
Package hyperref Info: Driver (autodetected): hxetex.
(c:/Users/anton/AppData/Roaming/TinyTeX/texmf-dist/tex/latex/hyperref/hxetex.def
File: hxetex.def 2024-01-20 v7.01h Hyperref driver for XeTeX
(c:/Users/anton/AppData/Roaming/TinyTeX/texmf-dist/tex/generic/stringenc/stringenc.sty
Package: stringenc 2019/11/29 v1.12 Convert strings between diff. encodings (HO)
)
\pdfm@box=\box66
\c@Hy@AnnotLevel=\count317
\HyField@AnnotCount=\count318
\Fld@listcount=\count319
\c@bookmark@seq@number=\count320
(c:/Users/anton/AppData/Roaming/TinyTeX/texmf-dist/tex/latex/rerunfilecheck/rerunfilecheck.sty
Package: rerunfilecheck 2022-07-10 v1.10 Rerun checks for auxiliary files (HO)
(c:/Users/anton/AppData/Roaming/TinyTeX/texmf-dist/tex/latex/base/atveryend-ltx.sty
Package: atveryend-ltx 2020/08/19 v1.0a Emulation of the original atveryend package
with kernel methods
) (c:/Users/anton/AppData/Roaming/TinyTeX/texmf-dist/tex/generic/uniquecounter/uniquecounter.sty
Package: uniquecounter 2019/12/15 v1.4 Provide unlimited unique counter (HO)
)
Package uniquecounter Info: New unique counter `rerunfilecheck' on input line 285.
)
\Hy@SectionHShift=\skip80
) (c:/Users/anton/AppData/Roaming/TinyTeX/texmf-dist/tex/latex/bookmark/bkm-dvipdfm.def
File: bkm-dvipdfm.def 2023-12-10 v1.31 bookmark driver for dvipdfm (HO)
\BKM@id=\count321
)) (c:/Users/anton/AppData/Roaming/TinyTeX/texmf-dist/tex/latex/caption/caption.sty
Package: caption 2023/08/05 v3.6o Customizing captions (AR)
(c:/Users/anton/AppData/Roaming/TinyTeX/texmf-dist/tex/latex/caption/caption3.sty
Package: caption3 2023/07/31 v2.4d caption3 kernel (AR)
\caption@tempdima=\dimen183
\captionmargin=\dimen184
\caption@leftmargin=\dimen185
\caption@rightmargin=\dimen186
\caption@width=\dimen187
\caption@indent=\dimen188
\caption@parindent=\dimen189
\caption@hangindent=\dimen190
Package caption Info: KOMA-Script document class detected.
(c:/Users/anton/AppData/Roaming/TinyTeX/texmf-dist/tex/latex/caption/caption-koma.sto
File: caption-koma.sto 2023/09/08 v2.0e Adaption of the caption package to the KOMA-Script document classes (AR)
))
\c@caption@flags=\count322
\c@continuedfloat=\count323
Package caption Info: hyperref package is loaded.
Package caption Info: longtable package is loaded.
(c:/Users/anton/AppData/Roaming/TinyTeX/texmf-dist/tex/latex/caption/ltcaption.sty
Package: ltcaption 2021/01/08 v1.4c longtable captions (AR)
)
Package caption Info: KOMA-Script scrextend package detected.
\caption@addmargin@hsize=\dimen191
\caption@addmargin@linewidth=\dimen192
) (c:/Users/anton/AppData/Roaming/TinyTeX/texmf-dist/tex/latex/float/float.sty
Package: float 2001/11/08 v1.3d Float enhancements (AL)
\c@float@type=\count324
\float@exts=\toks27
\float@box=\box67
\@float@everytoks=\toks28
\@floatcapt=\box68
)
\@float@every@codelisting=\toks29
\c@codelisting=\count325
(c:/Users/anton/AppData/Roaming/TinyTeX/texmf-dist/tex/latex/caption/subcaption.sty
Package: subcaption 2023/07/28 v1.6b Sub-captions (AR)
Package caption Info: New subtype `subfigure' on input line 238.
\c@subfigure=\count326
Package caption Info: New subtype `subtable' on input line 238.
\c@subtable=\count327
)
Package hyperref Info: Option `colorlinks' set `true' on input line 214.
No file index.aux.
\openout1 = `index.aux'.

LaTeX Font Info:    Checking defaults for OML/cmm/m/it on input line 220.
LaTeX Font Info:    ... okay on input line 220.
LaTeX Font Info:    Checking defaults for OMS/cmsy/m/n on input line 220.
LaTeX Font Info:    ... okay on input line 220.
LaTeX Font Info:    Checking defaults for OT1/cmr/m/n on input line 220.
LaTeX Font Info:    ... okay on input line 220.
LaTeX Font Info:    Checking defaults for T1/cmr/m/n on input line 220.
LaTeX Font Info:    ... okay on input line 220.
LaTeX Font Info:    Checking defaults for TS1/cmr/m/n on input line 220.
LaTeX Font Info:    ... okay on input line 220.
LaTeX Font Info:    Checking defaults for TU/lmr/m/n on input line 220.
LaTeX Font Info:    ... okay on input line 220.
LaTeX Font Info:    Checking defaults for OMX/cmex/m/n on input line 220.
LaTeX Font Info:    ... okay on input line 220.
LaTeX Font Info:    Checking defaults for U/cmr/m/n on input line 220.
LaTeX Font Info:    ... okay on input line 220.
LaTeX Font Info:    Checking defaults for PD1/pdf/m/n on input line 220.
LaTeX Font Info:    ... okay on input line 220.
LaTeX Font Info:    Checking defaults for PU/pdf/m/n on input line 220.
LaTeX Font Info:    ... okay on input line 220.
Package scrbase Info: activating english \abstractname on input line 220.
Package scrbase Info: activating english \partname on input line 220.
Package scrbase Info: activating english \chaptername on input line 220.
Package scrbase Info: activating english \appendixname on input line 220.
Package scrbase Info: activating english \figurename on input line 220.
Package scrbase Info: activating english \tablename on input line 220.
Package scrbase Info: activating english \contentsname on input line 220.
Package scrbase Info: activating english \listfigurename on input line 220.
Package scrbase Info: activating english \listtablename on input line 220.
Package scrbase Info: activating english \bibname on input line 220.
Package scrbase Info: activating english \indexname on input line 220.
LaTeX Font Info:    Overwriting math alphabet `\mathrm' in version `normal'
(Font)                  OT1/lmr/m/n --> TU/lmr/m/n on input line 220.
LaTeX Font Info:    Overwriting math alphabet `\mathit' in version `normal'
(Font)                  OT1/lmr/m/it --> TU/lmr/m/it on input line 220.
LaTeX Font Info:    Overwriting math alphabet `\mathbf' in version `normal'
(Font)                  OT1/lmr/bx/n --> TU/lmr/bx/n on input line 220.
LaTeX Font Info:    Overwriting math alphabet `\mathsf' in version `normal'
(Font)                  OT1/lmss/m/n --> TU/lmss/m/n on input line 220.
LaTeX Font Info:    Overwriting math alphabet `\mathsf' in version `bold'
(Font)                  OT1/lmss/bx/n --> TU/lmss/bx/n on input line 220.
LaTeX Font Info:    Overwriting math alphabet `\mathtt' in version `normal'
(Font)                  OT1/lmtt/m/n --> TU/lmtt/m/n on input line 220.
LaTeX Font Info:    Overwriting math alphabet `\mathtt' in version `bold'
(Font)                  OT1/lmtt/m/n --> TU/lmtt/bx/n on input line 220.

Package fontspec Info: 
(fontspec)             latinmodern-math scale = 0.9999967668407183.


Package fontspec Info: 
(fontspec)             latinmodern-math scale = 0.9999967668407183.


Package fontspec Info: 
(fontspec)             latinmodern-math scale = 0.9999967668407183.


Package fontspec Info: 
(fontspec)             Font family 'latinmodern-math.otf(0)' created for font
(fontspec)             'latinmodern-math.otf' with options
(fontspec)             [Scale=MatchLowercase,BoldItalicFont={},ItalicFont={},SmallCapsFont={},Script=Math,BoldFont={latinmodern-math.otf}].
(fontspec)              
(fontspec)              This font family consists of the following NFSS
(fontspec)             series/shapes:
(fontspec)              
(fontspec)             - 'normal' (m/n) with NFSS spec.:
(fontspec)             <->s*[0.9999967668407183]"[latinmodern-math.otf]/OT:script=math;language=dflt;"
(fontspec)             - 'bold' (b/n) with NFSS spec.:
(fontspec)             <->s*[0.9999967668407183]"[latinmodern-math.otf]/OT:script=math;language=dflt;"

LaTeX Font Info:    Font shape `TU/latinmodern-math.otf(0)/m/n' will be
(Font)              scaled to size 10.95pt on input line 220.

Package fontspec Info: 
(fontspec)             latinmodern-math scale = 0.9999967668407183.


Package fontspec Info: 
(fontspec)             latinmodern-math scale = 0.9999967668407183.


Package fontspec Info: 
(fontspec)             latinmodern-math scale = 0.9999967668407183.


Package fontspec Info: 
(fontspec)             latinmodern-math scale = 0.9999967668407183.


Package fontspec Info: 
(fontspec)             latinmodern-math scale = 0.9999967668407183.


Package fontspec Info: 
(fontspec)             Font family 'latinmodern-math.otf(1)' created for font
(fontspec)             'latinmodern-math.otf' with options
(fontspec)             [Scale=MatchLowercase,BoldItalicFont={},ItalicFont={},SmallCapsFont={},Script=Math,SizeFeatures={{Size=9.3075-},{Size=6.57-9.3075,Font=latinmodern-math.otf,Style=MathScript},{Size=-6.57,Font=latinmodern-math.otf,Style=MathScriptScript}},BoldFont={latinmodern-math.otf}].
(fontspec)              
(fontspec)              This font family consists of the following NFSS
(fontspec)             series/shapes:
(fontspec)              
(fontspec)             - 'normal' (m/n) with NFSS spec.:
(fontspec)             <9.3075->s*[0.9999967668407183]"[latinmodern-math.otf]/OT:script=math;language=dflt;"<6.57-9.3075>s*[0.9999967668407183]"[latinmodern-math.otf]/OT:script=math;language=dflt;+ssty=0;"<-6.57>s*[0.9999967668407183]"[latinmodern-math.otf]/OT:script=math;language=dflt;+ssty=1;"
(fontspec)             - 'bold' (b/n) with NFSS spec.:
(fontspec)             <->s*[0.9999967668407183]"[latinmodern-math.otf]/OT:script=math;language=dflt;"

LaTeX Font Info:    Font shape `TU/latinmodern-math.otf(1)/m/n' will be
(Font)              scaled to size 10.95pt on input line 220.
LaTeX Font Info:    Encoding `OT1' has changed to `TU' for symbol font
(Font)              `operators' in the math version `normal' on input line 220.
LaTeX Font Info:    Overwriting symbol font `operators' in version `normal'
(Font)                  OT1/lmr/m/n --> TU/latinmodern-math.otf(1)/m/n on input line 220.
LaTeX Font Info:    Encoding `OT1' has changed to `TU' for symbol font
(Font)              `operators' in the math version `bold' on input line 220.
LaTeX Font Info:    Overwriting symbol font `operators' in version `bold'
(Font)                  OT1/lmr/bx/n --> TU/latinmodern-math.otf(1)/b/n on input line 220.

Package fontspec Info: 
(fontspec)             latinmodern-math scale = 0.9999967668407183.


Package fontspec Info: 
(fontspec)             latinmodern-math scale = 1.000096766517402.


Package fontspec Info: 
(fontspec)             latinmodern-math scale = 0.9999967668407183.


Package fontspec Info: 
(fontspec)             latinmodern-math scale = 1.000096766517402.


Package fontspec Info: 
(fontspec)             latinmodern-math scale = 0.9999967668407183.


Package fontspec Info: 
(fontspec)             latinmodern-math scale = 1.000096766517402.


Package fontspec Info: 
(fontspec)             latinmodern-math scale = 0.9999967668407183.


Package fontspec Info: 
(fontspec)             latinmodern-math scale = 1.000096766517402.


Package fontspec Info: 
(fontspec)             latinmodern-math scale = 0.9999967668407183.


Package fontspec Info: 
(fontspec)             latinmodern-math scale = 1.000096766517402.


Package fontspec Info: 
(fontspec)             Font family 'latinmodern-math.otf(2)' created for font
(fontspec)             'latinmodern-math.otf' with options
(fontspec)             [Scale=MatchLowercase,BoldItalicFont={},ItalicFont={},SmallCapsFont={},Script=Math,SizeFeatures={{Size=9.3075-},{Size=6.57-9.3075,Font=latinmodern-math.otf,Style=MathScript},{Size=-6.57,Font=latinmodern-math.otf,Style=MathScriptScript}},BoldFont={latinmodern-math.otf},ScaleAgain=1.0001,FontAdjustment={\fontdimen
(fontspec)             8\font =7.41315pt\relax \fontdimen 9\font
(fontspec)             =4.3143pt\relax \fontdimen 10\font =4.8618pt\relax
(fontspec)             \fontdimen 11\font =7.5117pt\relax \fontdimen 12\font
(fontspec)             =3.77776pt\relax \fontdimen 13\font =3.97485pt\relax
(fontspec)             \fontdimen 14\font =3.97485pt\relax \fontdimen 15\font
(fontspec)             =3.16455pt\relax \fontdimen 16\font =2.70465pt\relax
(fontspec)             \fontdimen 17\font =2.70465pt\relax \fontdimen 18\font
(fontspec)             =2.7375pt\relax \fontdimen 19\font =2.19pt\relax
(fontspec)             \fontdimen 22\font =2.7375pt\relax \fontdimen 20\font
(fontspec)             =0pt\relax \fontdimen 21\font =0pt\relax }].
(fontspec)              
(fontspec)              This font family consists of the following NFSS
(fontspec)             series/shapes:
(fontspec)              
(fontspec)             - 'normal' (m/n) with NFSS spec.:
(fontspec)             <9.3075->s*[1.000096766517402]"[latinmodern-math.otf]/OT:script=math;language=dflt;"<6.57-9.3075>s*[1.000096766517402]"[latinmodern-math.otf]/OT:script=math;language=dflt;+ssty=0;"<-6.57>s*[1.000096766517402]"[latinmodern-math.otf]/OT:script=math;language=dflt;+ssty=1;"
(fontspec)             - 'bold' (b/n) with NFSS spec.:
(fontspec)             <->s*[1.000096766517402]"[latinmodern-math.otf]/OT:script=math;language=dflt;"

LaTeX Font Info:    Encoding `OMS' has changed to `TU' for symbol font
(Font)              `symbols' in the math version `normal' on input line 220.
LaTeX Font Info:    Overwriting symbol font `symbols' in version `normal'
(Font)                  OMS/lmsy/m/n --> TU/latinmodern-math.otf(2)/m/n on input line 220.
LaTeX Font Info:    Encoding `OMS' has changed to `TU' for symbol font
(Font)              `symbols' in the math version `bold' on input line 220.
LaTeX Font Info:    Overwriting symbol font `symbols' in version `bold'
(Font)                  OMS/lmsy/b/n --> TU/latinmodern-math.otf(2)/b/n on input line 220.

Package fontspec Info: 
(fontspec)             latinmodern-math scale = 0.9999967668407183.


Package fontspec Info: 
(fontspec)             latinmodern-math scale = 0.9998967671640342.


Package fontspec Info: 
(fontspec)             latinmodern-math scale = 0.9999967668407183.


Package fontspec Info: 
(fontspec)             latinmodern-math scale = 0.9998967671640342.


Package fontspec Info: 
(fontspec)             latinmodern-math scale = 0.9999967668407183.


Package fontspec Info: 
(fontspec)             latinmodern-math scale = 0.9998967671640342.


Package fontspec Info: 
(fontspec)             latinmodern-math scale = 0.9999967668407183.


Package fontspec Info: 
(fontspec)             latinmodern-math scale = 0.9998967671640342.


Package fontspec Info: 
(fontspec)             latinmodern-math scale = 0.9999967668407183.


Package fontspec Info: 
(fontspec)             latinmodern-math scale = 0.9998967671640342.


Package fontspec Info: 
(fontspec)             Font family 'latinmodern-math.otf(3)' created for font
(fontspec)             'latinmodern-math.otf' with options
(fontspec)             [Scale=MatchLowercase,BoldItalicFont={},ItalicFont={},SmallCapsFont={},Script=Math,SizeFeatures={{Size=9.3075-},{Size=6.57-9.3075,Font=latinmodern-math.otf,Style=MathScript},{Size=-6.57,Font=latinmodern-math.otf,Style=MathScriptScript}},BoldFont={latinmodern-math.otf},ScaleAgain=0.9999,FontAdjustment={\fontdimen
(fontspec)             8\font =0.438pt\relax \fontdimen 9\font =2.19pt\relax
(fontspec)             \fontdimen 10\font =1.82864pt\relax \fontdimen 11\font
(fontspec)             =1.21545pt\relax \fontdimen 12\font =6.56999pt\relax
(fontspec)             \fontdimen 13\font =0pt\relax }].
(fontspec)              
(fontspec)              This font family consists of the following NFSS
(fontspec)             series/shapes:
(fontspec)              
(fontspec)             - 'normal' (m/n) with NFSS spec.:
(fontspec)             <9.3075->s*[0.9998967671640342]"[latinmodern-math.otf]/OT:script=math;language=dflt;"<6.57-9.3075>s*[0.9998967671640342]"[latinmodern-math.otf]/OT:script=math;language=dflt;+ssty=0;"<-6.57>s*[0.9998967671640342]"[latinmodern-math.otf]/OT:script=math;language=dflt;+ssty=1;"
(fontspec)             - 'bold' (b/n) with NFSS spec.:
(fontspec)             <->s*[0.9998967671640342]"[latinmodern-math.otf]/OT:script=math;language=dflt;"

LaTeX Font Info:    Encoding `OMX' has changed to `TU' for symbol font
(Font)              `largesymbols' in the math version `normal' on input line 220.
LaTeX Font Info:    Overwriting symbol font `largesymbols' in version `normal'
(Font)                  OMX/lmex/m/n --> TU/latinmodern-math.otf(3)/m/n on input line 220.
LaTeX Font Info:    Encoding `OMX' has changed to `TU' for symbol font
(Font)              `largesymbols' in the math version `bold' on input line 220.
LaTeX Font Info:    Overwriting symbol font `largesymbols' in version `bold'
(Font)                  OMX/lmex/m/n --> TU/latinmodern-math.otf(3)/b/n on input line 220.
LaTeX Info: Redefining \microtypecontext on input line 220.
Package microtype Info: Applying patch `item' on input line 220.
Package microtype Info: Applying patch `toc' on input line 220.
Package microtype Info: Applying patch `eqnum' on input line 220.
Package microtype Info: Applying patch `footnote' on input line 220.
Package microtype Info: Applying patch `verbatim' on input line 220.
Package microtype Info: Character protrusion enabled (level 2).
Package microtype Info: Using protrusion set `basicmath'.
Package microtype Info: No adjustment of tracking.
Package microtype Info: No adjustment of spacing.
Package microtype Info: No adjustment of kerning.
(c:/Users/anton/AppData/Roaming/TinyTeX/texmf-dist/tex/latex/microtype/mt-LatinModernRoman.cfg
File: mt-LatinModernRoman.cfg 2021/02/21 v1.1 microtype config. file: Latin Modern Roman (RS)
)
Package hyperref Info: Link coloring ON on input line 220.

Package hyperref Warning: Rerun to get /PageLabels entry.

Package caption Info: Begin \AtBeginDocument code.
Package caption Info: float package is loaded.
Package caption Info: End \AtBeginDocument code.
Package microtype Info: Loading generic protrusion settings for font family
(microtype)             `lmss' (encoding: TU).
(microtype)             For optimal results, create family-specific settings.
(microtype)             See the microtype manual for details.
LaTeX Font Info:    Font shape `TU/latinmodern-math.otf(1)/m/n' will be
(Font)              scaled to size 14.4pt on input line 222.
LaTeX Font Info:    Font shape `TU/latinmodern-math.otf(1)/m/n' will be
(Font)              scaled to size 10.0pt on input line 222.
LaTeX Font Info:    Font shape `TU/latinmodern-math.otf(1)/m/n' will be
(Font)              scaled to size 7.0pt on input line 222.
LaTeX Font Info:    Trying to load font information for OML+lmm on input line 222.
(c:/Users/anton/AppData/Roaming/TinyTeX/texmf-dist/tex/latex/lm/omllmm.fd
File: omllmm.fd 2015/05/01 v1.6.1 Font defs for Latin Modern
)
LaTeX Font Info:    Font shape `TU/latinmodern-math.otf(2)/m/n' will be
(Font)              scaled to size 14.4013pt on input line 222.
LaTeX Font Info:    Font shape `TU/latinmodern-math.otf(2)/m/n' will be
(Font)              scaled to size 10.00092pt on input line 222.
LaTeX Font Info:    Font shape `TU/latinmodern-math.otf(2)/m/n' will be
(Font)              scaled to size 7.00064pt on input line 222.
LaTeX Font Info:    Font shape `TU/latinmodern-math.otf(3)/m/n' will be
(Font)              scaled to size 14.39845pt on input line 222.
LaTeX Font Info:    Font shape `TU/latinmodern-math.otf(3)/m/n' will be
(Font)              scaled to size 9.99893pt on input line 222.
LaTeX Font Info:    Font shape `TU/latinmodern-math.otf(3)/m/n' will be
(Font)              scaled to size 6.99925pt on input line 222.
LaTeX Font Info:    Trying to load font information for U+msa on input line 222.
(c:/Users/anton/AppData/Roaming/TinyTeX/texmf-dist/tex/latex/amsfonts/umsa.fd
File: umsa.fd 2013/01/14 v3.01 AMS symbols A
) (c:/Users/anton/AppData/Roaming/TinyTeX/texmf-dist/tex/latex/microtype/mt-msa.cfg
File: mt-msa.cfg 2006/02/04 v1.1 microtype config. file: AMS symbols (a) (RS)
)
LaTeX Font Info:    Trying to load font information for U+msb on input line 222.
(c:/Users/anton/AppData/Roaming/TinyTeX/texmf-dist/tex/latex/amsfonts/umsb.fd
File: umsb.fd 2013/01/14 v3.01 AMS symbols B
) (c:/Users/anton/AppData/Roaming/TinyTeX/texmf-dist/tex/latex/microtype/mt-msb.cfg
File: mt-msb.cfg 2005/06/01 v1.0 microtype config. file: AMS symbols (b) (RS)
) [1



]
Package tocbasic Info: character protrusion at toc deactivated on input line 227.
No file index.toc.
\tf@toc=\write4
\openout4 = `index.toc'.

[2

] [3

]
Underfull \hbox (badness 3049) in paragraph at lines 264--268
[]\TU/lmr/m/n/10.95 El «\TU/lmr/bx/it/10.95 spam\TU/lmr/m/n/10.95 » es cualquier comunicación no solicitada enviada en masa.El
 []

[4

]
chapter 1.

Class scrreprt Warning: \float@addtolists detected!
(scrreprt)              Implementation of \float@addtolist became
(scrreprt)              deprecated in KOMA-Script v3.01 2008/11/14 and
(scrreprt)              has been replaced by several more flexible
(scrreprt)              features of package `tocbasic`.
(scrreprt)              Since Version 3.12 support for deprecated
(scrreprt)              \float@addtolist interface has been
(scrreprt)              restricted to only some of the KOMA-Script
(scrreprt)              features and been removed from others.
(scrreprt)              Loading of package `scrhack' may help to
(scrreprt)              avoid this warning, if you are using a
(scrreprt)              a package that still implements the
(scrreprt)              deprecated \float@addtolist interface.


Overfull \hbox (13.13986pt too wide) in paragraph at lines 314--314
[]\TU/lmtt/m/n/10.95 -- Attaching core tidyverse packages ------------------------ tidyverse 2.0.0 --[] 
 []


Overfull \hbox (13.13986pt too wide) in paragraph at lines 314--314
[]\TU/lmtt/m/n/10.95 -- Conflicts ------------------------------------------ tidyverse_conflicts() --[] 
 []


Overfull \hbox (133.86359pt too wide) in paragraph at lines 314--314
[]\TU/lmtt/m/n/10.95 i Use the conflicted package (<http://conflicted.r-lib.org/>) to force all conflicts to become errors[] 
 []


Overfull \hbox (13.13986pt too wide) in paragraph at lines 331--331
[]\TU/lmtt/m/n/10.95 -- Column specification --------------------------------------------------------[] 
 []


Overfull \hbox (7.39111pt too wide) in paragraph at lines 331--331
[]\TU/lmtt/m/n/10.95 dbl (12): profile pic, nums/length username, fullname words, nums/length ful...[] 
 []

[5

]
Overfull \hbox (18.88861pt too wide) in paragraph at lines 331--331
[]\TU/lmtt/m/n/10.95 i Specify the column types or set []show_col_types = FALSE[] to quiet this message.[] 
 []


Overfull \hbox (1.64236pt too wide) in paragraph at lines 393--393
[]  []\TU/lmtt/m/n/10.95 profile pic[] []nums/length username[] []fullname words[] []nums/length fullname[][] 
 []


Overfull \hbox (1.64236pt too wide) in paragraph at lines 393--393
[]          \TU/lmtt/m/n/10.95 <dbl>                  <dbl>            <dbl>                  <dbl>[] 
 []


Overfull \hbox (1.64236pt too wide) in paragraph at lines 393--393
[]\TU/lmtt/m/n/10.95 1             1                   0.27                0                      0[] 
 []


Overfull \hbox (1.64236pt too wide) in paragraph at lines 393--393
[]\TU/lmtt/m/n/10.95 2             1                   0                   2                      0[] 
 []


Overfull \hbox (1.64236pt too wide) in paragraph at lines 393--393
[]\TU/lmtt/m/n/10.95 3             1                   0.1                 2                      0[] 
 []


Overfull \hbox (1.64236pt too wide) in paragraph at lines 393--393
[]\TU/lmtt/m/n/10.95 4             1                   0                   1                      0[] 
 []


Overfull \hbox (1.64236pt too wide) in paragraph at lines 393--393
[]\TU/lmtt/m/n/10.95 5             1                   0                   2                      0[] 
 []


Overfull \hbox (1.64236pt too wide) in paragraph at lines 393--393
[]\TU/lmtt/m/n/10.95 6             1                   0                   4                      0[] 
 []

[6] [7]
File: analisisExploratorio_files/figure-pdf/unnamed-chunk-9-1.pdf Graphic file (type pdf)
<use analisisExploratorio_files/figure-pdf/unnamed-chunk-9-1.pdf>
[8]
File: analisisExploratorio_files/figure-pdf/unnamed-chunk-10-1.pdf Graphic file (type pdf)
<use analisisExploratorio_files/figure-pdf/unnamed-chunk-10-1.pdf>
[9]
File: analisisExploratorio_files/figure-pdf/unnamed-chunk-12-1.pdf Graphic file (type pdf)
<use analisisExploratorio_files/figure-pdf/unnamed-chunk-12-1.pdf>
[10]
File: analisisExploratorio_files/figure-pdf/unnamed-chunk-14-1.pdf Graphic file (type pdf)
<use analisisExploratorio_files/figure-pdf/unnamed-chunk-14-1.pdf>
[11]
File: analisisExploratorio_files/figure-pdf/unnamed-chunk-15-1.pdf Graphic file (type pdf)
<use analisisExploratorio_files/figure-pdf/unnamed-chunk-15-1.pdf>
[12]
File: analisisExploratorio_files/figure-pdf/unnamed-chunk-16-1.pdf Graphic file (type pdf)
<use analisisExploratorio_files/figure-pdf/unnamed-chunk-16-1.pdf>
[13] [14]
File: analisisExploratorio_files/figure-pdf/unnamed-chunk-19-1.pdf Graphic file (type pdf)
<use analisisExploratorio_files/figure-pdf/unnamed-chunk-19-1.pdf>
File: analisisExploratorio_files/figure-pdf/unnamed-chunk-20-1.pdf Graphic file (type pdf)
<use analisisExploratorio_files/figure-pdf/unnamed-chunk-20-1.pdf>
[15]
File: analisisExploratorio_files/figure-pdf/unnamed-chunk-22-1.pdf Graphic file (type pdf)
<use analisisExploratorio_files/figure-pdf/unnamed-chunk-22-1.pdf>
[16]
Overfull \hbox (1.64236pt too wide) in paragraph at lines 731--731
[]  []\TU/lmtt/m/n/10.95 profile pic[] []nums/length username[] []fullname words[] []nums/length fullname[][] 
 []


Overfull \hbox (1.64236pt too wide) in paragraph at lines 731--731
[]          \TU/lmtt/m/n/10.95 <dbl>                  <dbl>            <dbl>                  <dbl>[] 
 []


Overfull \hbox (1.64236pt too wide) in paragraph at lines 731--731
[]\TU/lmtt/m/n/10.95 1             1                      0                0                      0[] 
 []

[17]
File: analisisExploratorio_files/figure-pdf/unnamed-chunk-25-1.pdf Graphic file (type pdf)
<use analisisExploratorio_files/figure-pdf/unnamed-chunk-25-1.pdf>
File: analisisExploratorio_files/figure-pdf/unnamed-chunk-26-1.pdf Graphic file (type pdf)
<use analisisExploratorio_files/figure-pdf/unnamed-chunk-26-1.pdf>
[18] [19]
File: analisisExploratorio_files/figure-pdf/unnamed-chunk-29-1.pdf Graphic file (type pdf)
<use analisisExploratorio_files/figure-pdf/unnamed-chunk-29-1.pdf>
[20]
File: analisisExploratorio_files/figure-pdf/unnamed-chunk-32-1.pdf Graphic file (type pdf)
<use analisisExploratorio_files/figure-pdf/unnamed-chunk-32-1.pdf>
File: analisisExploratorio_files/figure-pdf/unnamed-chunk-33-1.pdf Graphic file (type pdf)
<use analisisExploratorio_files/figure-pdf/unnamed-chunk-33-1.pdf>
[21] [22]
File: analisisExploratorio_files/figure-pdf/unnamed-chunk-35-1.pdf Graphic file (type pdf)
<use analisisExploratorio_files/figure-pdf/unnamed-chunk-35-1.pdf>
[23]
File: analisisExploratorio_files/figure-pdf/unnamed-chunk-38-1.pdf Graphic file (type pdf)
<use analisisExploratorio_files/figure-pdf/unnamed-chunk-38-1.pdf>
File: analisisExploratorio_files/figure-pdf/unnamed-chunk-39-1.pdf Graphic file (type pdf)
<use analisisExploratorio_files/figure-pdf/unnamed-chunk-39-1.pdf>
[24]
File: analisisExploratorio_files/figure-pdf/unnamed-chunk-41-1.pdf Graphic file (type pdf)
<use analisisExploratorio_files/figure-pdf/unnamed-chunk-41-1.pdf>
[25]
Underfull \hbox (badness 6078) in paragraph at lines 1054--1059
[]\TU/lmr/m/n/10.95 Automated data exploration
 []

[26]
File: analisisExploratorio_files/figure-pdf/unnamed-chunk-43-1.pdf Graphic file (type pdf)
<use analisisExploratorio_files/figure-pdf/unnamed-chunk-43-1.pdf>
[27]
File: analisisExploratorio_files/figure-pdf/unnamed-chunk-44-1.pdf Graphic file (type pdf)
<use analisisExploratorio_files/figure-pdf/unnamed-chunk-44-1.pdf>
File: analisisExploratorio_files/figure-pdf/unnamed-chunk-45-1.pdf Graphic file (type pdf)
<use analisisExploratorio_files/figure-pdf/unnamed-chunk-45-1.pdf>
[28]
File: analisisExploratorio_files/figure-pdf/unnamed-chunk-45-2.pdf Graphic file (type pdf)
<use analisisExploratorio_files/figure-pdf/unnamed-chunk-45-2.pdf>
[29] [30]
chapter 2.

Underfull \hbox (badness 10000) in paragraph at lines 1161--1165
[]\TU/lmr/m/n/10.95 A system
 []


Overfull \hbox (13.13986pt too wide) in paragraph at lines 1214--1214
[]\TU/lmtt/m/n/10.95 -- Column specification --------------------------------------------------------[] 
 []


Overfull \hbox (7.39111pt too wide) in paragraph at lines 1214--1214
[]\TU/lmtt/m/n/10.95 dbl (12): profile pic, nums/length username, fullname words, nums/length ful...[] 
 []

[31

]
Overfull \hbox (18.88861pt too wide) in paragraph at lines 1214--1214
[]\TU/lmtt/m/n/10.95 i Specify the column types or set []show_col_types = FALSE[] to quiet this message.[] 
 []

File: visualizacionDatos_files/figure-pdf/unnamed-chunk-3-1.pdf Graphic file (type pdf)
<use visualizacionDatos_files/figure-pdf/unnamed-chunk-3-1.pdf>
[32]
File: visualizacionDatos_files/figure-pdf/unnamed-chunk-4-1.pdf Graphic file (type pdf)
<use visualizacionDatos_files/figure-pdf/unnamed-chunk-4-1.pdf>
[33]
File: visualizacionDatos_files/figure-pdf/unnamed-chunk-5-1.pdf Graphic file (type pdf)
<use visualizacionDatos_files/figure-pdf/unnamed-chunk-5-1.pdf>
[34]
File: visualizacionDatos_files/figure-pdf/unnamed-chunk-6-1.pdf Graphic file (type pdf)
<use visualizacionDatos_files/figure-pdf/unnamed-chunk-6-1.pdf>
[35]
File: visualizacionDatos_files/figure-pdf/unnamed-chunk-7-1.pdf Graphic file (type pdf)
<use visualizacionDatos_files/figure-pdf/unnamed-chunk-7-1.pdf>
[36]
File: visualizacionDatos_files/figure-pdf/unnamed-chunk-8-1.pdf Graphic file (type pdf)
<use visualizacionDatos_files/figure-pdf/unnamed-chunk-8-1.pdf>
[37] [38]
File: visualizacionDatos_files/figure-pdf/unnamed-chunk-9-1.pdf Graphic file (type pdf)
<use visualizacionDatos_files/figure-pdf/unnamed-chunk-9-1.pdf>
File: visualizacionDatos_files/figure-pdf/unnamed-chunk-10-1.pdf Graphic file (type pdf)
<use visualizacionDatos_files/figure-pdf/unnamed-chunk-10-1.pdf>
[39]
File: visualizacionDatos_files/figure-pdf/unnamed-chunk-11-1.pdf Graphic file (type pdf)
<use visualizacionDatos_files/figure-pdf/unnamed-chunk-11-1.pdf>
[40] [41]
File: visualizacionDatos_files/figure-pdf/unnamed-chunk-12-1.pdf Graphic file (type pdf)
<use visualizacionDatos_files/figure-pdf/unnamed-chunk-12-1.pdf>
[42]
File: visualizacionDatos_files/figure-pdf/unnamed-chunk-13-1.pdf Graphic file (type pdf)
<use visualizacionDatos_files/figure-pdf/unnamed-chunk-13-1.pdf>
File: visualizacionDatos_files/figure-pdf/unnamed-chunk-14-1.pdf Graphic file (type pdf)
<use visualizacionDatos_files/figure-pdf/unnamed-chunk-14-1.pdf>
[43]
File: visualizacionDatos_files/figure-pdf/unnamed-chunk-15-1.pdf Graphic file (type pdf)
<use visualizacionDatos_files/figure-pdf/unnamed-chunk-15-1.pdf>
[44] [45]
File: visualizacionDatos_files/figure-pdf/unnamed-chunk-16-1.pdf Graphic file (type pdf)
<use visualizacionDatos_files/figure-pdf/unnamed-chunk-16-1.pdf>
[46]
File: visualizacionDatos_files/figure-pdf/unnamed-chunk-17-1.pdf Graphic file (type pdf)
<use visualizacionDatos_files/figure-pdf/unnamed-chunk-17-1.pdf>
[47]
File: visualizacionDatos_files/figure-pdf/unnamed-chunk-18-1.pdf Graphic file (type pdf)
<use visualizacionDatos_files/figure-pdf/unnamed-chunk-18-1.pdf>
[48]
chapter 3.
[49

]
Overfull \hbox (13.13986pt too wide) in paragraph at lines 1842--1842
[]\TU/lmtt/m/n/10.95 -- Column specification --------------------------------------------------------[] 
 []


Overfull \hbox (7.39111pt too wide) in paragraph at lines 1842--1842
[]\TU/lmtt/m/n/10.95 dbl (12): profile pic, nums/length username, fullname words, nums/length ful...[] 
 []

[50]
Overfull \hbox (18.88861pt too wide) in paragraph at lines 1842--1842
[]\TU/lmtt/m/n/10.95 i Specify the column types or set []show_col_types = FALSE[] to quiet this message.[] 
 []

[51] [52]
Overfull \hbox (1.64236pt too wide) in paragraph at lines 1958--1958
[]  []\TU/lmtt/m/n/10.95 profile pic[] []nums/length username[] []fullname words[] []nums/length fullname[][] 
 []


Overfull \hbox (1.64236pt too wide) in paragraph at lines 1983--1983
[]  []\TU/lmtt/m/n/10.95 profile pic[] []nums/length username[] []fullname words[] []nums/length fullname[][] 
 []

[53] [54] [55]
Overfull \hbox (225.84357pt too wide) in paragraph at lines 2124--2124
[]    \TU/lmtt/m/n/10.95 lhs                                 rhs                               support confidence  coverage     lift count[] 
 []


Overfull \hbox (225.84357pt too wide) in paragraph at lines 2124--2124
[]     \TU/lmtt/m/n/10.95 external URL=No}                => {name==username=No}             0.7881944  0.9848156 0.8003472 1.020241   454[] 
 []


Overfull \hbox (225.84357pt too wide) in paragraph at lines 2124--2124
[]     \TU/lmtt/m/n/10.95 name==username=No}              => {nums/length fullname=muy bajo} 0.6250000  0.9863014 0.6336806 1.078007   360[] 
 []


Overfull \hbox (225.84357pt too wide) in paragraph at lines 2124--2124
[]     \TU/lmtt/m/n/10.95 name==username=No}              => {nums/length username=muy bajo} 0.6250000  0.6936416 0.9010417 1.071146   360[] 
 []


Overfull \hbox (225.84357pt too wide) in paragraph at lines 2124--2124
[]     \TU/lmtt/m/n/10.95 description length=muy corto}   => {external URL=No}               0.6041667  0.9747899 0.6197917 1.103102   348[] 
 []


Overfull \hbox (225.84357pt too wide) in paragraph at lines 2124--2124
[]     \TU/lmtt/m/n/10.95 external URL=No}                => {description length=muy corto}  0.6041667  0.7102041 0.8506944 1.096723   348[] 
 []


Overfull \hbox (225.84357pt too wide) in paragraph at lines 2124--2124
[]     \TU/lmtt/m/n/10.95 description length=muy corto}   => {external URL=No}               0.5590278  0.9728097 0.5746528 1.100861   322[] 
 []


Overfull \hbox (99.3711pt too wide) in paragraph at lines 2154--2154
[]    \TU/lmtt/m/n/10.95 lhs                                 rhs         support confidence  coverage     lift count[] 
 []


Overfull \hbox (99.3711pt too wide) in paragraph at lines 2154--2154
[]     \TU/lmtt/m/n/10.95 external URL=No}                => {fake=Si} 0.4670139  0.5489796 0.8506944 1.097959   269[] 
 []


Overfull \hbox (99.3711pt too wide) in paragraph at lines 2154--2154
[]     \TU/lmtt/m/n/10.95 description length=muy corto}   => {fake=Si} 0.4253472  0.6862745 0.6197917 1.372549   245[] 
 []


Overfull \hbox (99.3711pt too wide) in paragraph at lines 2154--2154
[]     \TU/lmtt/m/n/10.95 external URL=No}                => {fake=Si} 0.4253472  0.7040230 0.6041667 1.408046   245[] 
 []


Overfull \hbox (99.3711pt too wide) in paragraph at lines 2154--2154
[]     \TU/lmtt/m/n/10.95 external URL=No}                => {fake=Si} 0.4218750  0.5271150 0.8003472 1.054230   243[] 
 []


Overfull \hbox (99.3711pt too wide) in paragraph at lines 2154--2154
[]     \TU/lmtt/m/n/10.95 description length=muy corto}   => {fake=Si} 0.3819444  0.6646526 0.5746528 1.329305   220[] 
 []

[56]
Overfull \hbox (99.3711pt too wide) in paragraph at lines 2154--2154
[]     \TU/lmtt/m/n/10.95 external URL=No}                => {fake=Si} 0.3819444  0.6832298 0.5590278 1.366460   220[] 
 []


Overfull \hbox (156.85858pt too wide) in paragraph at lines 2188--2188
[]    \TU/lmtt/m/n/10.95 lhs                                 rhs                   support confidence  coverage     lift count[] 
 []


Overfull \hbox (156.85858pt too wide) in paragraph at lines 2188--2188
[]     \TU/lmtt/m/n/10.95 fake=Si}                        => {external URL=No}   0.4670139          1 0.4670139 1.131631   269[] 
 []


Overfull \hbox (156.85858pt too wide) in paragraph at lines 2188--2188
[]     \TU/lmtt/m/n/10.95 fake=Si}                        => {external URL=No}   0.4531250          1 0.4531250 1.131631   261[] 
 []


Overfull \hbox (156.85858pt too wide) in paragraph at lines 2188--2188
[]     \TU/lmtt/m/n/10.95 fake=Si}                        => {external URL=No}   0.4253472          1 0.4253472 1.131631   245[] 
 []


Overfull \hbox (156.85858pt too wide) in paragraph at lines 2188--2188
[]     \TU/lmtt/m/n/10.95 fake=Si}                        => {external URL=No}   0.4218750          1 0.4218750 1.131631   243[] 
 []


Overfull \hbox (156.85858pt too wide) in paragraph at lines 2188--2188
[]     \TU/lmtt/m/n/10.95 #followers=muy alto}            => {name==username=No} 0.4166667          1 0.4166667 1.035971   240[] 
 []


Overfull \hbox (156.85858pt too wide) in paragraph at lines 2188--2188
[]     \TU/lmtt/m/n/10.95 fake=Si}                        => {external URL=No}   0.4097222          1 0.4097222 1.131631   236[] 
 []


Overfull \hbox (99.3711pt too wide) in paragraph at lines 2221--2221
[]    \TU/lmtt/m/n/10.95 lhs                                 rhs         support confidence  coverage     lift count[] 
 []


Overfull \hbox (99.3711pt too wide) in paragraph at lines 2221--2221
[]     \TU/lmtt/m/n/10.95 #posts=muy bajo}                => {fake=Si} 0.3072917  0.9567568 0.3211806 1.913514   177[] 
 []

[57]
Overfull \hbox (99.3711pt too wide) in paragraph at lines 2221--2221
[]     \TU/lmtt/m/n/10.95 external URL=No}                => {fake=Si} 0.3454861  0.8122449 0.4253472 1.624490   199[] 
 []


Overfull \hbox (99.3711pt too wide) in paragraph at lines 2221--2221
[]     \TU/lmtt/m/n/10.95 description length=muy corto}   => {fake=Si} 0.3454861  0.8024194 0.4305556 1.604839   199[] 
 []


Overfull \hbox (99.3711pt too wide) in paragraph at lines 2221--2221
[]     \TU/lmtt/m/n/10.95 external URL=No}                => {fake=Si} 0.3072917  0.7972973 0.3854167 1.594595   177[] 
 []


Overfull \hbox (99.3711pt too wide) in paragraph at lines 2221--2221
[]     \TU/lmtt/m/n/10.95 description length=muy corto}   => {fake=Si} 0.3072917  0.7866667 0.3906250 1.573333   177[] 
 []


Overfull \hbox (99.3711pt too wide) in paragraph at lines 2221--2221
[]     \TU/lmtt/m/n/10.95 external URL=No}                => {fake=Si} 0.3750000  0.7105263 0.5277778 1.421053   216[] 
 []


Overfull \hbox (168.35608pt too wide) in paragraph at lines 2259--2259
[]    \TU/lmtt/m/n/10.95 lhs                                 rhs                     support confidence  coverage     lift count[] 
 []


Overfull \hbox (168.35608pt too wide) in paragraph at lines 2259--2259
[]     \TU/lmtt/m/n/10.95 fake=No}                        => {#followers=muy alto} 0.3506944  0.9223744 0.3802083 2.059255   202[] 
 []


Overfull \hbox (168.35608pt too wide) in paragraph at lines 2259--2259
[]     \TU/lmtt/m/n/10.95 fake=No}                        => {#followers=muy alto} 0.3472222  0.9216590 0.3767361 2.057657   200[] 
 []


Overfull \hbox (168.35608pt too wide) in paragraph at lines 2259--2259
[]     \TU/lmtt/m/n/10.95 fake=No}                        => {#followers=muy alto} 0.3472222  0.9216590 0.3767361 2.057657   200[] 
 []


Overfull \hbox (168.35608pt too wide) in paragraph at lines 2259--2259
[]     \TU/lmtt/m/n/10.95 fake=No}                        => {#followers=muy alto} 0.3437500  0.9209302 0.3732639 2.056030   198[] 
 []

[58]
Overfull \hbox (168.35608pt too wide) in paragraph at lines 2259--2259
[]     \TU/lmtt/m/n/10.95 fake=No}                        => {#followers=muy alto} 0.3437500  0.9209302 0.3732639 2.056030   198[] 
 []


Overfull \hbox (168.35608pt too wide) in paragraph at lines 2259--2259
[]     \TU/lmtt/m/n/10.95 fake=No}                        => {#followers=muy alto} 0.3229167  0.9207921 0.3506944 2.055722   186[] 
 []


Overfull \hbox (99.3711pt too wide) in paragraph at lines 2293--2293
[]    \TU/lmtt/m/n/10.95 lhs                                 rhs         support confidence  coverage     lift count[] 
 []


Overfull \hbox (99.3711pt too wide) in paragraph at lines 2293--2293
[]     \TU/lmtt/m/n/10.95 #posts=muy bajo}                => {fake=Si} 0.3072917  0.9567568 0.3211806 1.913514   177[] 
 []


Overfull \hbox (99.3711pt too wide) in paragraph at lines 2293--2293
[]     \TU/lmtt/m/n/10.95 external URL=No}                => {fake=Si} 0.3454861  0.8122449 0.4253472 1.624490   199[] 
 []


Overfull \hbox (99.3711pt too wide) in paragraph at lines 2293--2293
[]     \TU/lmtt/m/n/10.95 description length=muy corto}   => {fake=Si} 0.3454861  0.8024194 0.4305556 1.604839   199[] 
 []


Overfull \hbox (99.3711pt too wide) in paragraph at lines 2293--2293
[]     \TU/lmtt/m/n/10.95 external URL=No}                => {fake=Si} 0.3072917  0.7972973 0.3854167 1.594595   177[] 
 []


Overfull \hbox (99.3711pt too wide) in paragraph at lines 2293--2293
[]     \TU/lmtt/m/n/10.95 description length=muy corto}   => {fake=Si} 0.3072917  0.7866667 0.3906250 1.573333   177[] 
 []


Overfull \hbox (99.3711pt too wide) in paragraph at lines 2293--2293
[]     \TU/lmtt/m/n/10.95 external URL=No}                => {fake=Si} 0.3750000  0.7105263 0.5277778 1.421053   216[] 
 []

[59]
File: reglasAsociacion_files/figure-pdf/unnamed-chunk-18-1.pdf Graphic file (type pdf)
<use reglasAsociacion_files/figure-pdf/unnamed-chunk-18-1.pdf>
[60]
chapter 4.

Overfull \hbox (13.13986pt too wide) in paragraph at lines 2355--2355
[]\TU/lmtt/m/n/10.95 -- Column specification --------------------------------------------------------[] 
 []


Overfull \hbox (7.39111pt too wide) in paragraph at lines 2355--2355
[]\TU/lmtt/m/n/10.95 dbl (12): profile pic, nums/length username, fullname words, nums/length ful...[] 
 []


Overfull \hbox (18.88861pt too wide) in paragraph at lines 2355--2355
[]\TU/lmtt/m/n/10.95 i Specify the column types or set []show_col_types = FALSE[] to quiet this message.[] 
 []

[61

]
Overfull \hbox (7.39111pt too wide) in paragraph at lines 2391--2391
[]   []\TU/lmtt/m/n/10.95 profile pic[] []nums/length username[] []fullname words[] []nums/length fullname[][] 
 []


Overfull \hbox (7.39111pt too wide) in paragraph at lines 2391--2391
[]   \TU/lmtt/m/n/10.95 <fct>                          <dbl>            <dbl>                  <dbl>[] 
 []


Overfull \hbox (7.39111pt too wide) in paragraph at lines 2391--2391
[] \TU/lmtt/m/n/10.95 1 Si                              0.27                0                      0[] 
 []


Overfull \hbox (7.39111pt too wide) in paragraph at lines 2391--2391
[] \TU/lmtt/m/n/10.95 2 Si                              0                   2                      0[] 
 []


Overfull \hbox (7.39111pt too wide) in paragraph at lines 2391--2391
[] \TU/lmtt/m/n/10.95 3 Si                              0.1                 2                      0[] 
 []


Overfull \hbox (7.39111pt too wide) in paragraph at lines 2391--2391
[] \TU/lmtt/m/n/10.95 4 Si                              0                   1                      0[] 
 []


Overfull \hbox (7.39111pt too wide) in paragraph at lines 2391--2391
[] \TU/lmtt/m/n/10.95 5 Si                              0                   2                      0[] 
 []


Overfull \hbox (7.39111pt too wide) in paragraph at lines 2391--2391
[] \TU/lmtt/m/n/10.95 6 Si                              0                   4                      0[] 
 []


Overfull \hbox (7.39111pt too wide) in paragraph at lines 2391--2391
[] \TU/lmtt/m/n/10.95 7 Si                              0                   2                      0[] 
 []


Overfull \hbox (7.39111pt too wide) in paragraph at lines 2391--2391
[] \TU/lmtt/m/n/10.95 8 Si                              0                   2                      0[] 
 []


Overfull \hbox (7.39111pt too wide) in paragraph at lines 2391--2391
[] \TU/lmtt/m/n/10.95 9 Si                              0                   0                      0[] 
 []


Overfull \hbox (7.39111pt too wide) in paragraph at lines 2391--2391
[]\TU/lmtt/m/n/10.95 10 Si                              0                   2                      0[] 
 []

[62]
Overfull \hbox (13.13986pt too wide) in paragraph at lines 2437--2437
[]   []\TU/lmtt/m/n/10.95 profile pic = Si[] []profile pic = No[] []nums/length username[] []fullname words[][] 
 []


Overfull \hbox (13.13986pt too wide) in paragraph at lines 2437--2437
[]                \TU/lmtt/m/n/10.95 <dbl>              <dbl>                  <dbl>            <dbl>[] 
 []


Overfull \hbox (13.13986pt too wide) in paragraph at lines 2437--2437
[] \TU/lmtt/m/n/10.95 1                  1                  0                   0.27                0[] 
 []


Overfull \hbox (13.13986pt too wide) in paragraph at lines 2437--2437
[] \TU/lmtt/m/n/10.95 2                  1                  0                   0                   2[] 
 []


Overfull \hbox (13.13986pt too wide) in paragraph at lines 2437--2437
[] \TU/lmtt/m/n/10.95 3                  1                  0                   0.1                 2[] 
 []


Overfull \hbox (13.13986pt too wide) in paragraph at lines 2437--2437
[] \TU/lmtt/m/n/10.95 4                  1                  0                   0                   1[] 
 []


Overfull \hbox (13.13986pt too wide) in paragraph at lines 2437--2437
[] \TU/lmtt/m/n/10.95 5                  1                  0                   0                   2[] 
 []


Overfull \hbox (13.13986pt too wide) in paragraph at lines 2437--2437
[] \TU/lmtt/m/n/10.95 6                  1                  0                   0                   4[] 
 []


Overfull \hbox (13.13986pt too wide) in paragraph at lines 2437--2437
[] \TU/lmtt/m/n/10.95 7                  1                  0                   0                   2[] 
 []


Overfull \hbox (13.13986pt too wide) in paragraph at lines 2437--2437
[] \TU/lmtt/m/n/10.95 8                  1                  0                   0                   2[] 
 []


Overfull \hbox (13.13986pt too wide) in paragraph at lines 2437--2437
[] \TU/lmtt/m/n/10.95 9                  1                  0                   0                   0[] 
 []


Overfull \hbox (13.13986pt too wide) in paragraph at lines 2437--2437
[]\TU/lmtt/m/n/10.95 10                  1                  0                   0                   2[] 
 []

[63]
Missing character: There is no 𝐴 (U+1D434) in font [lmroman10-regular]:mapping=tex-text;!
Missing character: There is no 𝐵 (U+1D435) in font [lmroman10-regular]:mapping=tex-text;!
Missing character: There is no 𝐴 (U+1D434) in font [lmroman10-regular]:mapping=tex-text;!
Missing character: There is no 𝐴 (U+1D434) in font [lmroman10-regular]:mapping=tex-text;!
Missing character: There is no 𝐵 (U+1D435) in font [lmroman10-regular]:mapping=tex-text;!
Missing character: There is no 𝐵 (U+1D435) in font [lmroman10-regular]:mapping=tex-text;!
Missing character: There is no 𝐵 (U+1D435) in font [lmroman10-regular]:mapping=tex-text;!
Missing character: There is no 𝐴 (U+1D434) in font [lmroman10-regular]:mapping=tex-text;!
[64]
Overfull \hbox (15540.51031pt too wide) in paragraph at lines 2538--2538
[]\TU/lmtt/m/n/10.95 1: ({1, 2, 3, 4, 5, 6, 7, 8, 9, 10, 11, 12, 13, 14, 15, 16, 17, 18, 19, 20, 21, 22, 23, 24, 25, 26, 27, 28, 29, 30, 31, 32, 33, 34, 35, 36, 37, 38, 39, 40, 41, 42, 43, 44, 45, 46, 47, 48, 49, 50, 51, 52, 53, 54, 55, 56, 57, 58, 59, 60, 61, 62, 63, 64, 65, 66, 67, 68, 69, 70, 71, 72, 73, 74, 75, 76, 77, 78, 79, 80, 81, 82, 83, 84, 85, 86, 87, 88, 89, 90, 91, 92, 93, 94, 95, 96, 97, 98, 99, 100, 101, 102, 103, 104, 105, 106, 107, 108, 109, 110, 111, 112, 113, 114, 115, 116, 117, 118, 119, 120, 121, 122, 123, 124, 125, 126, 127, 128, 129, 130, 131, 132, 133, 134, 135, 136, 137, 138, 139, 140, 141, 142, 143, 144, 145, 146, 147, 148, 149, 150, 151, 152, 153, 154, 155, 156, 157, 158, 159, 160, 161, 162, 163, 164, 165, 166, 167, 168, 169, 170, 171, 172, 173, 174, 175, 176, 177, 178, 179, 180, 181, 182, 183, 184, 185, 186, 187, 188, 189, 190, 191, 192, 193, 194, 195, 196, 197, 198, 199, 200, 201, 202, 203, 204, 205, 206, 207, 208, 209, 210, 211, 212, 213, 214, 215, 216, 217, 218, 219, 220, 221, 222, 223, 224, 225, 226, 227, 228, 229, 230, 231, 232, 233, 234, 235, 236, 237, 238, 239, 240, 241, 242, 243, 244, 245, 246, 247, 248, 249, 250, 251, 252, 253, 254, 255, 256, 257, 258, 259, 260, 261, 262, 263, 264, 265, 266, 267, 268, 269, 270, 271, 272, 273, 274, 275, 276, 277, 278, 279, 280, 281, 282, 283, 284, 285, 286, 287, 288, 289, 290, 291, 292, 293, 294, 295, 296, 297, 298, 299, 300, 301, 302, 303, 304, 305, 306, 307, 308, 309, 310, 311, 312, 313, 314, 315, 316, 317, 318, 319, 320, 321, 322, 323, 324, 325, 326, 327, 328, 329, 330, 331, 332, 333, 334, 335, 336, 337, 338, 339, 340, 341, 342, 343, 344, 345, 346, 347, 348, 349, 350, 351, 352, 353, 354, 355, 356, 357, 358, 359, 360, 361, 362, 363, 364, 365, 366, 367, 368, 369, 370, 371, 372, 373, 374, 375, 376, 377, 378, 379, 380, 381, 382, 383, 384, 385, 386, 387, 388, 389, 390, 391, 392, 393, 394, 395, 396, 397, 398, 399, 400, 401, 402, 403, 404, 405, 406, 407, 408, 409, 410, 411, 412, 413, 414, 415, 416, 417, 418, 419, 420, 421, 422, 423, 424, 425, 426, 427, 428, 429, 430, 431, 432, 433, 434, 435, 436, 437, 438, 439, 440, 441, 442, 443, 444, 445, 446, 447, 448, 449, 450, 451, 452, 453, 454, 455, 456, 457, 458, 459, 460, 461, 462, 463, 464, 465, 466, 467, 468, 469, 470, 471, 472, 473, 474, 475, 476, 477, 478, 479, 480, 481, 482, 483, 484, 485, 486, 487, 488, 489, 490, 491, 492, 493, 494, 495, 496, 497, 498, 499, 500, 501, 502, 503, 504, 505, 506, 507, 508, 509, 510, 511, 512, 513, 514, 515, 516, 517, 518, 519, 520, 521, 522, 523, 524, 525, 526, 527, 528, 529, 530, 531, 532, 533, 534, 535, 536, 537, 538, 539, 540, 541, 542, 543, 544, 545, 546, 547, 548, 549, 550, 551, 552, 553, 554, 555, 556, 557, 558, 559, 560, 561, 562, 563, 564, 565, 566, 567, 568, 569, 570, 571, 572, 573, 574, 575, 576}, {})[] 
 []


Overfull \hbox (7314.05081pt too wide) in paragraph at lines 2538--2538
[]\TU/lmtt/m/n/10.95 2: ({1, 2, 3, 4, 5, 6, 7, 8, 9, 10, 11, 12, 13, 14, 15, 16, 17, 18, 19, 20, 21, 22, 23, 24, 25, 26, 27, 28, 29, 30, 31, 32, 33, 34, 35, 36, 37, 38, 39, 40, 41, 42, 43, 44, 45, 46, 47, 48, 49, 50, 51, 52, 53, 54, 55, 56, 57, 58, 59, 60, 61, 62, 63, 64, 65, 66, 67, 68, 69, 70, 71, 72, 73, 74, 75, 76, 77, 78, 79, 80, 81, 82, 83, 84, 85, 86, 87, 88, 89, 90, 91, 92, 93, 94, 95, 96, 97, 98, 99, 100, 101, 102, 103, 104, 105, 106, 107, 108, 109, 110, 111, 112, 113, 114, 115, 116, 117, 118, 119, 120, 121, 122, 123, 124, 125, 126, 127, 128, 129, 130, 131, 132, 133, 134, 135, 136, 137, 138, 139, 140, 141, 142, 143, 144, 145, 146, 147, 148, 149, 150, 151, 152, 153, 154, 155, 156, 157, 158, 159, 160, 161, 162, 163, 164, 165, 166, 167, 168, 169, 170, 171, 172, 173, 174, 175, 176, 177, 178, 179, 180, 181, 182, 183, 184, 185, 186, 187, 188, 189, 190, 191, 192, 193, 194, 195, 196, 197, 198, 199, 200, 201, 202, 203, 204, 205, 206, 207, 208, 209, 210, 211, 212, 213, 214, 215, 216, 217, 218, 219, 220, 221, 222, 223, 224, 225, 226, 227, 228, 229, 230, 231, 232, 233, 234, 235, 236, 237, 238, 239, 240, 241, 242, 243, 244, 245, 246, 247, 248, 249, 250, 251, 252, 253, 254, 255, 256, 257, 258, 259, 260, 261, 262, 263, 264, 265, 266, 267, 268, 269, 270, 271, 272, 273, 274, 275, 276, 277, 278, 279, 280, 281, 282, 283, 284, 285, 286, 287, 288}, {fake = No})[] 
 []


Overfull \hbox (7923.41818pt too wide) in paragraph at lines 2538--2538
[]\TU/lmtt/m/n/10.95 3: ({1, 2, 4, 9, 10, 11, 12, 13, 14, 15, 16, 17, 18, 19, 20, 21, 22, 23, 24, 27, 31, 32, 34, 35, 36, 37, 38, 42, 43, 48, 49, 50, 51, 52, 53, 54, 55, 56, 57, 58, 59, 60, 62, 65, 66, 67, 68, 69, 70, 71, 72, 74, 75, 77, 78, 79, 80, 81, 82, 83, 84, 85, 86, 87, 88, 89, 90, 91, 92, 93, 94, 95, 96, 97, 98, 99, 100, 101, 103, 106, 107, 108, 109, 111, 112, 113, 115, 116, 117, 118, 119, 120, 122, 123, 126, 127, 128, 130, 131, 132, 133, 134, 136, 137, 138, 139, 141, 142, 143, 144, 146, 147, 148, 149, 151, 152, 153, 154, 155, 156, 157, 158, 159, 161, 162, 164, 165, 167, 168, 169, 170, 171, 172, 173, 174, 175, 176, 177, 178, 179, 180, 181, 184, 185, 186, 187, 188, 193, 194, 195, 196, 197, 198, 199, 200, 201, 202, 203, 206, 207, 208, 209, 210, 211, 212, 213, 214, 215, 218, 219, 220, 221, 223, 224, 226, 228, 229, 230, 231, 232, 233, 234, 235, 236, 237, 239, 241, 244, 246, 248, 250, 251, 254, 255, 256, 257, 260, 261, 262, 263, 264, 265, 266, 267, 268, 269, 270, 271, 272, 275, 276, 277, 278, 279, 280, 282, 284, 285, 286, 289, 291, 293, 296, 303, 310, 317, 320, 322, 324, 325, 328, 332, 338, 339, 343, 344, 349, 354, 356, 359, 360, 361, 378, 380, 382, 385, 399, 401, 403, 415, 420, 421, 422, 427, 428, 434, 436, 443, 445, 447, 451, 454, 460, 461, 462, 467, 471, 476, 482, 483, 491, 508, 509, 511, 512, 518, 523, 527, 531, 532, 534, 535, 536, 538, 539, 541, 542, 547, 549, 553, 554, 558, 561, 563, 566, 567, 568, 570, 572, 574, 576}, {#follows is (200, Inf]})[] 
 []


Overfull \hbox (3186.44919pt too wide) in paragraph at lines 2538--2538
[]\TU/lmtt/m/n/10.95 4: ({3, 5, 6, 7, 8, 25, 26, 28, 29, 30, 33, 39, 40, 47, 61, 63, 64, 73, 105, 110, 114, 121, 124, 125, 129, 135, 140, 145, 150, 160, 163, 182, 183, 189, 190, 191, 192, 204, 216, 217, 222, 225, 227, 238, 240, 243, 249, 252, 253, 258, 274, 283, 288, 292, 294, 306, 318, 323, 334, 335, 345, 347, 348, 352, 358, 362, 363, 364, 365, 368, 370, 372, 376, 381, 383, 391, 393, 395, 396, 397, 400, 402, 404, 405, 406, 407, 410, 411, 413, 416, 417, 419, 424, 429, 431, 433, 435, 438, 439, 440, 444, 446, 448, 450, 453, 457, 458, 463, 474, 477, 484, 488, 528, 530, 546, 548, 550, 555, 560, 562, 564, 569, 571, 573, 575}, {#follows is (60, 200]})[] 
 []


Overfull \hbox (2807.03177pt too wide) in paragraph at lines 2538--2538
[]\TU/lmtt/m/n/10.95 5: ({41, 44, 76, 102, 104, 205, 242, 245, 247, 259, 273, 281, 287, 290, 295, 297, 299, 300, 305, 307, 311, 312, 313, 314, 315, 319, 321, 326, 327, 329, 330, 331, 333, 336, 342, 350, 351, 353, 355, 357, 366, 367, 369, 371, 373, 374, 375, 379, 384, 386, 387, 388, 389, 390, 394, 398, 408, 414, 423, 425, 426, 432, 437, 441, 442, 449, 452, 455, 459, 464, 465, 466, 473, 475, 478, 479, 481, 485, 487, 492, 494, 495, 496, 498, 500, 501, 502, 503, 505, 506, 507, 510, 513, 515, 521, 522, 526, 529, 533, 540, 543, 544, 545, 551, 552, 556, 557, 565}, {#follows is (10, 60]})[] 
 []


Overfull \hbox (599.51224pt too wide) in paragraph at lines 2538--2538
[]\TU/lmtt/m/n/10.95 6: ({45, 166, 298, 301, 304, 308, 309, 316, 337, 341, 377, 409, 412, 418, 430, 456, 468, 469, 470, 472, 480, 486, 490, 504, 514, 516, 519, 524, 525, 537, 559}, {#follows is (0, 10]})[] 
 []


Overfull \hbox (7.39111pt too wide) in paragraph at lines 2592--2592
[]\TU/lmtt/m/n/10.95 {1, 2, 3, 4, 5, 6, 7, 8, 9, 10, 11, 12, 13, 14, 15, 16, 17, 18, 19, 20, 21, 22,[] 
 []


Overfull \hbox (13.13986pt too wide) in paragraph at lines 2592--2592
[]  \TU/lmtt/m/n/10.95 99, 100, 101, 102, 103, 104, 105, 106, 107, 108, 109, 110, 111, 112, 113, 114,[] 
 []

[65] [66]
Overfull \hbox (13.13986pt too wide) in paragraph at lines 2669--2669
[]  \TU/lmtt/m/n/10.95 external URL = No, private = Si, private = No, #posts is (0, 1], #posts is (1,[] 
 []


Overfull \hbox (7.39111pt too wide) in paragraph at lines 2669--2669
[]  \TU/lmtt/m/n/10.95 5], #posts is (5, 10], #posts is (10, 50], #posts is (50, Inf], #followers is[] 
 []


Overfull \hbox (7.39111pt too wide) in paragraph at lines 2669--2669
[]  \TU/lmtt/m/n/10.95 (0, 10], #followers is (10, 60], #followers is (60, 200], #followers is (200,[] 
 []


Overfull \hbox (13.13986pt too wide) in paragraph at lines 2669--2669
[]\TU/lmtt/m/n/10.95 Rule 5: {#follows is (10, 60], fake = No} -> {profile pic = Si, name==username =[] 
 []


Overfull \hbox (13.13986pt too wide) in paragraph at lines 2669--2669
[]  \TU/lmtt/m/n/10.95 external URL = No, private = Si, private = No, #posts is (0, 1], #posts is (1,[] 
 []


Overfull \hbox (7.39111pt too wide) in paragraph at lines 2669--2669
[]  \TU/lmtt/m/n/10.95 5], #posts is (5, 10], #posts is (10, 50], #posts is (50, Inf], #followers is[] 
 []


Overfull \hbox (7.39111pt too wide) in paragraph at lines 2669--2669
[]  \TU/lmtt/m/n/10.95 (0, 10], #followers is (10, 60], #followers is (60, 200], #followers is (200,[] 
 []

[67] [68]
Overfull \hbox (13.13986pt too wide) in paragraph at lines 2762--2762
[]  \TU/lmtt/m/n/10.95 external URL = No, private = Si, private = No, #posts is (0, 1], #posts is (1,[] 
 []


Overfull \hbox (7.39111pt too wide) in paragraph at lines 2762--2762
[]  \TU/lmtt/m/n/10.95 5], #posts is (5, 10], #posts is (10, 50], #posts is (50, Inf], #followers is[] 
 []


Overfull \hbox (7.39111pt too wide) in paragraph at lines 2762--2762
[]  \TU/lmtt/m/n/10.95 (0, 10], #followers is (10, 60], #followers is (60, 200], #followers is (200,[] 
 []


Overfull \hbox (13.13986pt too wide) in paragraph at lines 2762--2762
[]\TU/lmtt/m/n/10.95 Rule 5: {#follows is (10, 60], fake = No} -> {profile pic = Si, name==username =[] 
 []


Overfull \hbox (13.13986pt too wide) in paragraph at lines 2762--2762
[]  \TU/lmtt/m/n/10.95 external URL = No, private = Si, private = No, #posts is (0, 1], #posts is (1,[] 
 []


Overfull \hbox (7.39111pt too wide) in paragraph at lines 2762--2762
[]  \TU/lmtt/m/n/10.95 5], #posts is (5, 10], #posts is (10, 50], #posts is (50, Inf], #followers is[] 
 []


Overfull \hbox (7.39111pt too wide) in paragraph at lines 2762--2762
[]  \TU/lmtt/m/n/10.95 (0, 10], #followers is (10, 60], #followers is (60, 200], #followers is (200,[] 
 []


Overfull \hbox (21.3086pt too wide) in paragraph at lines 2781--2784
\TU/lmr/m/n/10.95 Vamos también a aplicar \TU/lmtt/m/n/10.95 composition, generalization, simplification y rsimplification
 []

[69]
Overfull \hbox (13.13986pt too wide) in paragraph at lines 2829--2829
[]\TU/lmtt/m/n/10.95 Rule 4: {#follows is (60, 200], #follows is (200, Inf]} -> {#follows is (0, 10]}[] 
 []


Overfull \hbox (13.13986pt too wide) in paragraph at lines 2829--2829
[]\TU/lmtt/m/n/10.95 Rule 5: {#follows is (10, 60], fake = No} -> {profile pic = Si, name==username =[] 
 []


Overfull \hbox (7.39111pt too wide) in paragraph at lines 2829--2829
[]\TU/lmtt/m/n/10.95 Rule 6: {#follows is (10, 60], #follows is (200, Inf]} -> {#follows is (0, 10]}[] 
 []

[70]
Overfull \hbox (1.64236pt too wide) in paragraph at lines 2884--2884
[]\TU/lmtt/m/n/10.95 Rule 2: {#followers is (10, 60], #follows is (0, 10]} -> {name==username = No,[] 
 []


Overfull \hbox (7.39111pt too wide) in paragraph at lines 2884--2884
[]\TU/lmtt/m/n/10.95 Rule 3: {#followers is (0, 10], #follows is (60, 200]} -> {name==username = No,[] 
 []


Overfull \hbox (13.13986pt too wide) in paragraph at lines 2884--2884
[]\TU/lmtt/m/n/10.95 Rule 6: {description length is (25, 80], #posts is (1, 5], #follows is (10, 60]}[] 
 []


Overfull \hbox (7.39111pt too wide) in paragraph at lines 2911--2911
[]\TU/lmtt/m/n/10.95 Rule 1: {#followers is (200, Inf], #follows is (10, 60]} -> {private = No, fake[] 
 []


Overfull \hbox (7.39111pt too wide) in paragraph at lines 2911--2911
[]\TU/lmtt/m/n/10.95 Rule 3: {#posts is (50, Inf], #follows is (0, 10]} -> {private = No, #followers[] 
 []


Overfull \hbox (13.13986pt too wide) in paragraph at lines 2911--2911
[]\TU/lmtt/m/n/10.95 Rule 4: {#posts is (0, 1], #followers is (200, Inf]} -> {#follows is (200, Inf],[] 
 []


Overfull \hbox (7.39111pt too wide) in paragraph at lines 2911--2911
[]\TU/lmtt/m/n/10.95 Rule 5: {description length is (25, 80], #posts is (50, Inf]} -> {profile pic =[] 
 []

[71] [72]
chapter 5.
[73

]
chapter 6.
[74

]
chapter 7.
[75

]

! LaTeX Error: Something's wrong--perhaps a missing \item.

See the LaTeX manual or LaTeX Companion for explanation.
Type  H <return>  for immediate help.
 ...                                              
                                                  
l.2993 \end{CSLReferences}
                           
Here is how much of TeX's memory you used:
 24328 strings out of 476643
 484620 string characters out of 5797406
 2009406 words of memory out of 5000000
 46116 multiletter control sequences out of 15000+600000
 561673 words of font info for 70 fonts, out of 8000000 for 9000
 36 hyphenation exceptions out of 8191
 108i,8n,119p,10900b,537s stack positions out of 10000i,1000n,20000p,200000b,200000s

Output written on index.pdf (75 pages).
